#
# There is insufficient memory for the Java Runtime Environment to continue.
# Native memory allocation (malloc) failed to allocate 1183616 bytes. Error detail: Chunk::new
# Possible reasons:
#   The system is out of physical RAM or swap space
#   This process is running with CompressedOops enabled, and the Java Heap may be blocking the growth of the native heap
# Possible solutions:
#   Reduce memory load on the system
#   Increase physical memory or swap space
#   Check if swap backing store is full
#   Decrease Java heap size (-Xmx/-Xms)
#   Decrease number of Java threads
#   Decrease Java thread stack sizes (-Xss)
#   Set larger code cache with -XX:ReservedCodeCacheSize=
#   JVM is running with Unscaled Compressed Oops mode in which the Java heap is
#     placed in the first 4GB address space. The Java Heap base address is the
#     maximum limit for the native heap growth. Please use -XX:HeapBaseMinAddress
#     to set the Java Heap base and to place the Java Heap above 4GB virtual address.
# This output file may be truncated or incomplete.
#
#  Out of Memory Error (arena.cpp:168), pid=32528, tid=16428
#
# JRE version: OpenJDK Runtime Environment Temurin-21.0.9+10 (21.0.9+10) (build 21.0.9+10-LTS)
# Java VM: OpenJDK 64-Bit Server VM Temurin-21.0.9+10 (21.0.9+10-LTS, mixed mode, sharing, tiered, compressed oops, compressed class ptrs, parallel gc, windows-amd64)
# No core dump will be written. Minidumps are not enabled by default on client versions of Windows
#

---------------  S U M M A R Y ------------

Command Line: --add-modules=ALL-SYSTEM --add-opens=java.base/java.util=ALL-UNNAMED --add-opens=java.base/java.lang=ALL-UNNAMED --add-opens=java.base/sun.nio.fs=ALL-UNNAMED -Declipse.application=org.eclipse.jdt.ls.core.id1 -Dosgi.bundles.defaultStartLevel=4 -Declipse.product=org.eclipse.jdt.ls.core.product -Djava.import.generatesMetadataFilesAtProjectRoot=false -DDetectVMInstallationsJob.disabled=true -Dfile.encoding=utf8 -XX:+UseParallelGC -XX:GCTimeRatio=4 -XX:AdaptiveSizePolicyWeight=90 -Dsun.zip.disableMemoryMapping=true -Xmx2G -Xms100m -Xlog:disable -javaagent:c:\Users\thanh\.vscode\extensions\redhat.java-1.50.0-win32-x64\lombok\lombok-1.18.39-4050.jar -XX:+HeapDumpOnOutOfMemoryError -XX:HeapDumpPath=c:\Users\thanh\AppData\Roaming\Code\User\workspaceStorage\7ff264653c564808337672de5514ea25\redhat.java -Daether.dependencyCollector.impl=bf c:\Users\thanh\.vscode\extensions\redhat.java-1.50.0-win32-x64\server\plugins\org.eclipse.equinox.launcher_1.7.100.v20251111-0406.jar -configuration c:\Users\thanh\AppData\Roaming\Code\User\globalStorage\redhat.java\1.50.0\config_win -data c:\Users\thanh\AppData\Roaming\Code\User\workspaceStorage\7ff264653c564808337672de5514ea25\redhat.java\jdt_ws --pipe=\\.\pipe\lsp-50673d4147bfab909a71591755086fcf-sock

Host: 12th Gen Intel(R) Core(TM) i5-12500H, 16 cores, 15G,  Windows 11 , 64 bit Build 26100 (10.0.26100.7019)
Time: Sat Nov 29 15:16:55 2025 SE Asia Standard Time elapsed time: 220.761190 seconds (0d 0h 3m 40s)

---------------  T H R E A D  ---------------

Current thread (0x000002bddfbc5dd0):  JavaThread "C2 CompilerThread0" daemon [_thread_in_native, id=16428, stack(0x000000f9b6a00000,0x000000f9b6b00000) (1024K)]


Current CompileTask:
C2:220761 18648       4       org.apache.maven.repository.internal.ArtifactDescriptorReaderDelegate::populateResult (426 bytes)

Stack: [0x000000f9b6a00000,0x000000f9b6b00000]
Native frames: (J=compiled Java code, j=interpreted, Vv=VM code, C=native code)
V  [jvm.dll+0x6d6e29]
V  [jvm.dll+0x8b4b76]
V  [jvm.dll+0x8b712e]
V  [jvm.dll+0x8b7813]
V  [jvm.dll+0x283d86]
V  [jvm.dll+0xc66ed]
V  [jvm.dll+0xc6c31]
V  [jvm.dll+0x2facee]
V  [jvm.dll+0x5fde44]
V  [jvm.dll+0x255557]
V  [jvm.dll+0x25591d]
V  [jvm.dll+0x24df40]
V  [jvm.dll+0x24b482]
V  [jvm.dll+0x1cb13e]
V  [jvm.dll+0x25b29d]
V  [jvm.dll+0x25982a]
V  [jvm.dll+0x3f7ea6]
V  [jvm.dll+0x85e9ad]
V  [jvm.dll+0x6d565d]
C  [ucrtbase.dll+0x37b0]
C  [KERNEL32.DLL+0x2e8d7]
C  [ntdll.dll+0x8c53c]


---------------  P R O C E S S  ---------------

Threads class SMR info:
_java_thread_list=0x000002bdede8cad0, length=101, elements={
0x000002bdc7c1f7a0, 0x000002bddfba8400, 0x000002bddfba96f0, 0x000002bddfbaed70,
0x000002bddfbac610, 0x000002bddfbad330, 0x000002bddfbab8f0, 0x000002bddfbc5dd0,
0x000002bddfbf4250, 0x000002bddfbabf80, 0x000002bddfbae050, 0x000002bddfbacca0,
0x000002bddfbae6e0, 0x000002bddfbad9c0, 0x000002bde1310a30, 0x000002bde130e960,
0x000002bde130f680, 0x000002bde130e2d0, 0x000002bde13103a0, 0x000002bde13110c0,
0x000002bde1312470, 0x000002bde1314bd0, 0x000002bde1312b00, 0x000002bde1313190,
0x000002bde1313820, 0x000002bde1311750, 0x000002bde1311de0, 0x000002bde1313eb0,
0x000002bde885d7c0, 0x000002bde885de50, 0x000002bde885b060, 0x000002bde885d130,
0x000002bde885e4e0, 0x000002bde885c410, 0x000002bde885caa0, 0x000002bde885eb70,
0x000002bde885b6f0, 0x000002bde885f200, 0x000002bde885bd80, 0x000002bde88605b0,
0x000002bde885f890, 0x000002bde88612d0, 0x000002bde8861960, 0x000002bde8861ff0,
0x000002bde8862680, 0x000002bde8dce1c0, 0x000002bde8dcc0f0, 0x000002bde8dcb3d0,
0x000002bde8dcd4a0, 0x000002bde8dcc780, 0x000002bde8dcdb30, 0x000002bde8dcce10,
0x000002bde8dceee0, 0x000002bde8dcba60, 0x000002bde8dd0290, 0x000002bde8dd1640,
0x000002bde8dcfc00, 0x000002bde8dd1cd0, 0x000002bde8dd0920, 0x000002bde8dd0fb0,
0x000002bde8dd2360, 0x000002bde8dd29f0, 0x000002bde8dcf570, 0x000002bdec4a6d10,
0x000002bdec4a5ff0, 0x000002bdec4a80c0, 0x000002bdec4a52d0, 0x000002bdec4a6680,
0x000002bdec4a73a0, 0x000002bdec4a4c40, 0x000002bdec4aaeb0, 0x000002bdec4a9b00,
0x000002bdec4a7a30, 0x000002bdec4aa190, 0x000002bdec4abbd0, 0x000002bdec4ab540,
0x000002bdec4a8750, 0x000002bdec4ac260, 0x000002bdec4aa820, 0x000002bdec4a8de0,
0x000002bdec4a9470, 0x000002bdecece3b0, 0x000002bdececf0d0, 0x000002bdececf760,
0x000002bdececdd20, 0x000002bdeced1830, 0x000002bdeced4620, 0x000002bdeced2be0,
0x000002bdeced11a0, 0x000002bdeced2550, 0x000002bdeced3900, 0x000002bdeced3f90,
0x000002bdeced1ec0, 0x000002bdeced3270, 0x000002bdecf5c990, 0x000002bdecf5d020,
0x000002bdecf5dd40, 0x000002bdecf5d6b0, 0x000002bdecf5a8c0, 0x000002bdecf5bc70,
0x000002bde6c16cf0
}

Java Threads: ( => current thread )
  0x000002bdc7c1f7a0 JavaThread "main"                              [_thread_blocked, id=25372, stack(0x000000f9b6000000,0x000000f9b6100000) (1024K)]
  0x000002bddfba8400 JavaThread "Reference Handler"          daemon [_thread_blocked, id=28520, stack(0x000000f9b6400000,0x000000f9b6500000) (1024K)]
  0x000002bddfba96f0 JavaThread "Finalizer"                  daemon [_thread_blocked, id=22540, stack(0x000000f9b6500000,0x000000f9b6600000) (1024K)]
  0x000002bddfbaed70 JavaThread "Signal Dispatcher"          daemon [_thread_blocked, id=30476, stack(0x000000f9b6600000,0x000000f9b6700000) (1024K)]
  0x000002bddfbac610 JavaThread "Attach Listener"            daemon [_thread_blocked, id=18292, stack(0x000000f9b6700000,0x000000f9b6800000) (1024K)]
  0x000002bddfbad330 JavaThread "Service Thread"             daemon [_thread_blocked, id=30068, stack(0x000000f9b6800000,0x000000f9b6900000) (1024K)]
  0x000002bddfbab8f0 JavaThread "Monitor Deflation Thread"   daemon [_thread_blocked, id=26268, stack(0x000000f9b6900000,0x000000f9b6a00000) (1024K)]
=>0x000002bddfbc5dd0 JavaThread "C2 CompilerThread0"         daemon [_thread_in_native, id=16428, stack(0x000000f9b6a00000,0x000000f9b6b00000) (1024K)]
  0x000002bddfbf4250 JavaThread "C1 CompilerThread0"         daemon [_thread_blocked, id=31616, stack(0x000000f9b6b00000,0x000000f9b6c00000) (1024K)]
  0x000002bddfbabf80 JavaThread "Common-Cleaner"             daemon [_thread_blocked, id=1932, stack(0x000000f9b6e00000,0x000000f9b6f00000) (1024K)]
  0x000002bddfbae050 JavaThread "Notification Thread"        daemon [_thread_blocked, id=29384, stack(0x000000f9b7100000,0x000000f9b7200000) (1024K)]
  0x000002bddfbacca0 JavaThread "Active Thread: Equinox Container: fb443498-7333-442b-b092-855aa226ea52"        [_thread_blocked, id=25692, stack(0x000000f9b7800000,0x000000f9b7900000) (1024K)]
  0x000002bddfbae6e0 JavaThread "Refresh Thread: Equinox Container: fb443498-7333-442b-b092-855aa226ea52" daemon [_thread_blocked, id=29248, stack(0x000000f9b6c00000,0x000000f9b6d00000) (1024K)]
  0x000002bddfbad9c0 JavaThread "Framework Event Dispatcher: Equinox Container: fb443498-7333-442b-b092-855aa226ea52" daemon [_thread_blocked, id=15792, stack(0x000000f9b6d00000,0x000000f9b6e00000) (1024K)]
  0x000002bde1310a30 JavaThread "Start Level: Equinox Container: fb443498-7333-442b-b092-855aa226ea52" daemon [_thread_blocked, id=12980, stack(0x000000f9b6f00000,0x000000f9b7000000) (1024K)]
  0x000002bde130e960 JavaThread "Bundle File Closer"         daemon [_thread_blocked, id=26364, stack(0x000000f9b7e00000,0x000000f9b7f00000) (1024K)]
  0x000002bde130f680 JavaThread "SCR Component Actor"        daemon [_thread_blocked, id=27216, stack(0x000000f9b7a00000,0x000000f9b7b00000) (1024K)]
  0x000002bde130e2d0 JavaThread "Worker-JM"                         [_thread_blocked, id=29656, stack(0x000000f9b8100000,0x000000f9b8200000) (1024K)]
  0x000002bde13103a0 JavaThread "JNA Cleaner"                daemon [_thread_blocked, id=31156, stack(0x000000f9b8500000,0x000000f9b8600000) (1024K)]
  0x000002bde13110c0 JavaThread "Worker-1"                          [_thread_blocked, id=15372, stack(0x000000f9b8700000,0x000000f9b8800000) (1024K)]
  0x000002bde1312470 JavaThread "Java indexing"              daemon [_thread_blocked, id=7276, stack(0x000000f9b8900000,0x000000f9b8a00000) (1024K)]
  0x000002bde1314bd0 JavaThread "Thread-1"                   daemon [_thread_in_native, id=12248, stack(0x000000f9b8d00000,0x000000f9b8e00000) (1024K)]
  0x000002bde1312b00 JavaThread "Thread-2"                   daemon [_thread_in_native, id=14088, stack(0x000000f9b8e00000,0x000000f9b8f00000) (1024K)]
  0x000002bde1313190 JavaThread "Thread-3"                   daemon [_thread_in_native, id=21368, stack(0x000000f9b8f00000,0x000000f9b9000000) (1024K)]
  0x000002bde1313820 JavaThread "Thread-4"                   daemon [_thread_in_native, id=27744, stack(0x000000f9b9000000,0x000000f9b9100000) (1024K)]
  0x000002bde1311750 JavaThread "Thread-5"                   daemon [_thread_in_native, id=12972, stack(0x000000f9b9100000,0x000000f9b9200000) (1024K)]
  0x000002bde1311de0 JavaThread "Thread-6"                   daemon [_thread_in_native, id=15952, stack(0x000000f9b9200000,0x000000f9b9300000) (1024K)]
  0x000002bde1313eb0 JavaThread "Thread-7"                   daemon [_thread_in_native, id=11440, stack(0x000000f9b9300000,0x000000f9b9400000) (1024K)]
  0x000002bde885d7c0 JavaThread "Thread-8"                   daemon [_thread_in_native, id=28544, stack(0x000000f9b9400000,0x000000f9b9500000) (1024K)]
  0x000002bde885de50 JavaThread "Thread-9"                   daemon [_thread_in_native, id=17776, stack(0x000000f9b9500000,0x000000f9b9600000) (1024K)]
  0x000002bde885b060 JavaThread "Thread-10"                  daemon [_thread_in_native, id=7604, stack(0x000000f9b9600000,0x000000f9b9700000) (1024K)]
  0x000002bde885d130 JavaThread "Thread-11"                  daemon [_thread_in_native, id=24476, stack(0x000000f9b9700000,0x000000f9b9800000) (1024K)]
  0x000002bde885e4e0 JavaThread "Thread-12"                  daemon [_thread_in_native, id=9300, stack(0x000000f9b9800000,0x000000f9b9900000) (1024K)]
  0x000002bde885c410 JavaThread "Thread-13"                  daemon [_thread_in_native, id=18856, stack(0x000000f9b9900000,0x000000f9b9a00000) (1024K)]
  0x000002bde885caa0 JavaThread "Thread-14"                  daemon [_thread_in_native, id=30708, stack(0x000000f9b9a00000,0x000000f9b9b00000) (1024K)]
  0x000002bde885eb70 JavaThread "Thread-15"                  daemon [_thread_in_native, id=27256, stack(0x000000f9b9b00000,0x000000f9b9c00000) (1024K)]
  0x000002bde885b6f0 JavaThread "Thread-16"                  daemon [_thread_in_native, id=24196, stack(0x000000f9b9c00000,0x000000f9b9d00000) (1024K)]
  0x000002bde885f200 JavaThread "Thread-17"                  daemon [_thread_in_native, id=24148, stack(0x000000f9b9d00000,0x000000f9b9e00000) (1024K)]
  0x000002bde885bd80 JavaThread "pool-2-thread-1"                   [_thread_blocked, id=25236, stack(0x000000f9b9e00000,0x000000f9b9f00000) (1024K)]
  0x000002bde88605b0 JavaThread "WorkspaceEventsHandler"            [_thread_blocked, id=27572, stack(0x000000f9b9f00000,0x000000f9ba000000) (1024K)]
  0x000002bde885f890 JavaThread "pool-1-thread-1"                   [_thread_blocked, id=7784, stack(0x000000f9ba000000,0x000000f9ba100000) (1024K)]
  0x000002bde88612d0 JavaThread "LocalFile Deleter"          daemon [_thread_blocked, id=18708, stack(0x000000f9ba300000,0x000000f9ba400000) (1024K)]
  0x000002bde8861960 JavaThread "LocalFile Deleter"          daemon [_thread_blocked, id=25272, stack(0x000000f9ba400000,0x000000f9ba500000) (1024K)]
  0x000002bde8861ff0 JavaThread "LocalFile Deleter"          daemon [_thread_blocked, id=16268, stack(0x000000f9ba500000,0x000000f9ba600000) (1024K)]
  0x000002bde8862680 JavaThread "LocalFile Deleter"          daemon [_thread_blocked, id=19332, stack(0x000000f9ba600000,0x000000f9ba700000) (1024K)]
  0x000002bde8dce1c0 JavaThread "LocalFile Deleter"          daemon [_thread_blocked, id=9504, stack(0x000000f9ba700000,0x000000f9ba800000) (1024K)]
  0x000002bde8dcc0f0 JavaThread "LocalFile Deleter"          daemon [_thread_blocked, id=1616, stack(0x000000f9ba800000,0x000000f9ba900000) (1024K)]
  0x000002bde8dcb3d0 JavaThread "LocalFile Deleter"          daemon [_thread_blocked, id=17976, stack(0x000000f9baa00000,0x000000f9bab00000) (1024K)]
  0x000002bde8dcd4a0 JavaThread "LocalFile Deleter"          daemon [_thread_blocked, id=17668, stack(0x000000f9bab00000,0x000000f9bac00000) (1024K)]
  0x000002bde8dcc780 JavaThread "LocalFile Deleter"          daemon [_thread_blocked, id=32332, stack(0x000000f9bac00000,0x000000f9bad00000) (1024K)]
  0x000002bde8dcdb30 JavaThread "LocalFile Deleter"          daemon [_thread_blocked, id=5932, stack(0x000000f9bad00000,0x000000f9bae00000) (1024K)]
  0x000002bde8dcce10 JavaThread "LocalFile Deleter"          daemon [_thread_blocked, id=12496, stack(0x000000f9bae00000,0x000000f9baf00000) (1024K)]
  0x000002bde8dceee0 JavaThread "LocalFile Deleter"          daemon [_thread_blocked, id=29444, stack(0x000000f9baf00000,0x000000f9bb000000) (1024K)]
  0x000002bde8dcba60 JavaThread "LocalFile Deleter"          daemon [_thread_blocked, id=19916, stack(0x000000f9bb000000,0x000000f9bb100000) (1024K)]
  0x000002bde8dd0290 JavaThread "LocalFile Deleter"          daemon [_thread_blocked, id=32716, stack(0x000000f9bb100000,0x000000f9bb200000) (1024K)]
  0x000002bde8dd1640 JavaThread "Compiler Source File Reader" daemon [_thread_blocked, id=27612, stack(0x000000f9bb200000,0x000000f9bb300000) (1024K)]
  0x000002bde8dcfc00 JavaThread "Compiler Source File Reader" daemon [_thread_blocked, id=13524, stack(0x000000f9bb300000,0x000000f9bb400000) (1024K)]
  0x000002bde8dd1cd0 JavaThread "Compiler Source File Reader" daemon [_thread_blocked, id=24356, stack(0x000000f9bb400000,0x000000f9bb500000) (1024K)]
  0x000002bde8dd0920 JavaThread "Compiler Source File Reader" daemon [_thread_blocked, id=7832, stack(0x000000f9bb500000,0x000000f9bb600000) (1024K)]
  0x000002bde8dd0fb0 JavaThread "Compiler Source File Reader" daemon [_thread_blocked, id=6056, stack(0x000000f9bb600000,0x000000f9bb700000) (1024K)]
  0x000002bde8dd2360 JavaThread "Compiler Source File Reader" daemon [_thread_blocked, id=10264, stack(0x000000f9bb700000,0x000000f9bb800000) (1024K)]
  0x000002bde8dd29f0 JavaThread "Compiler Source File Reader" daemon [_thread_blocked, id=22640, stack(0x000000f9bb800000,0x000000f9bb900000) (1024K)]
  0x000002bde8dcf570 JavaThread "Compiler Source File Reader" daemon [_thread_blocked, id=11660, stack(0x000000f9bb900000,0x000000f9bba00000) (1024K)]
  0x000002bdec4a6d10 JavaThread "Compiler Source File Reader" daemon [_thread_blocked, id=12020, stack(0x000000f9bba00000,0x000000f9bbb00000) (1024K)]
  0x000002bdec4a5ff0 JavaThread "Compiler Source File Reader" daemon [_thread_blocked, id=24500, stack(0x000000f9bbb00000,0x000000f9bbc00000) (1024K)]
  0x000002bdec4a80c0 JavaThread "Compiler Source File Reader" daemon [_thread_blocked, id=31900, stack(0x000000f9bbc00000,0x000000f9bbd00000) (1024K)]
  0x000002bdec4a52d0 JavaThread "Compiler Source File Reader" daemon [_thread_blocked, id=29940, stack(0x000000f9bbd00000,0x000000f9bbe00000) (1024K)]
  0x000002bdec4a6680 JavaThread "Compiler Source File Reader" daemon [_thread_blocked, id=21420, stack(0x000000f9bbe00000,0x000000f9bbf00000) (1024K)]
  0x000002bdec4a73a0 JavaThread "Compiler Source File Reader" daemon [_thread_blocked, id=2448, stack(0x000000f9bbf00000,0x000000f9bc000000) (1024K)]
  0x000002bdec4a4c40 JavaThread "Compiler Class File Writer" daemon [_thread_blocked, id=16108, stack(0x000000f9b8400000,0x000000f9b8500000) (1024K)]
  0x000002bdec4aaeb0 JavaThread "Compiler Class File Writer" daemon [_thread_blocked, id=10780, stack(0x000000f9bc000000,0x000000f9bc100000) (1024K)]
  0x000002bdec4a9b00 JavaThread "Compiler Class File Writer" daemon [_thread_blocked, id=30196, stack(0x000000f9bc100000,0x000000f9bc200000) (1024K)]
  0x000002bdec4a7a30 JavaThread "Compiler Class File Writer" daemon [_thread_blocked, id=16964, stack(0x000000f9bc200000,0x000000f9bc300000) (1024K)]
  0x000002bdec4aa190 JavaThread "Compiler Class File Writer" daemon [_thread_blocked, id=6748, stack(0x000000f9bc300000,0x000000f9bc400000) (1024K)]
  0x000002bdec4abbd0 JavaThread "Compiler Class File Writer" daemon [_thread_blocked, id=22936, stack(0x000000f9bc400000,0x000000f9bc500000) (1024K)]
  0x000002bdec4ab540 JavaThread "Compiler Class File Writer" daemon [_thread_blocked, id=17508, stack(0x000000f9bc500000,0x000000f9bc600000) (1024K)]
  0x000002bdec4a8750 JavaThread "Compiler Class File Writer" daemon [_thread_blocked, id=20372, stack(0x000000f9bc600000,0x000000f9bc700000) (1024K)]
  0x000002bdec4ac260 JavaThread "Compiler Class File Writer" daemon [_thread_blocked, id=10624, stack(0x000000f9bc700000,0x000000f9bc800000) (1024K)]
  0x000002bdec4aa820 JavaThread "Compiler Class File Writer" daemon [_thread_blocked, id=19984, stack(0x000000f9bc800000,0x000000f9bc900000) (1024K)]
  0x000002bdec4a8de0 JavaThread "Compiler Class File Writer" daemon [_thread_blocked, id=15684, stack(0x000000f9bc900000,0x000000f9bca00000) (1024K)]
  0x000002bdec4a9470 JavaThread "Compiler Class File Writer" daemon [_thread_blocked, id=21524, stack(0x000000f9bca00000,0x000000f9bcb00000) (1024K)]
  0x000002bdecece3b0 JavaThread "Compiler Class File Writer" daemon [_thread_blocked, id=12920, stack(0x000000f9bcb00000,0x000000f9bcc00000) (1024K)]
  0x000002bdececf0d0 JavaThread "Compiler Class File Writer" daemon [_thread_blocked, id=12380, stack(0x000000f9bcc00000,0x000000f9bcd00000) (1024K)]
  0x000002bdececf760 JavaThread "ForkJoinPool.commonPool-worker-1" daemon [_thread_blocked, id=23360, stack(0x000000f9bd000000,0x000000f9bd100000) (1024K)]
  0x000002bdececdd20 JavaThread "ForkJoinPool.commonPool-worker-2" daemon [_thread_blocked, id=12332, stack(0x000000f9bd100000,0x000000f9bd200000) (1024K)]
  0x000002bdeced1830 JavaThread "ForkJoinPool.commonPool-worker-3" daemon [_thread_blocked, id=19116, stack(0x000000f9bd200000,0x000000f9bd300000) (1024K)]
  0x000002bdeced4620 JavaThread "ForkJoinPool.commonPool-worker-4" daemon [_thread_blocked, id=20436, stack(0x000000f9bd300000,0x000000f9bd400000) (1024K)]
  0x000002bdeced2be0 JavaThread "ForkJoinPool.commonPool-worker-5" daemon [_thread_blocked, id=18484, stack(0x000000f9bd500000,0x000000f9bd600000) (1024K)]
  0x000002bdeced11a0 JavaThread "ForkJoinPool.commonPool-worker-6" daemon [_thread_blocked, id=11096, stack(0x000000f9bd800000,0x000000f9bd900000) (1024K)]
  0x000002bdeced2550 JavaThread "ForkJoinPool.commonPool-worker-7" daemon [_thread_blocked, id=10980, stack(0x000000f9bd900000,0x000000f9bda00000) (1024K)]
  0x000002bdeced3900 JavaThread "ForkJoinPool.commonPool-worker-8" daemon [_thread_blocked, id=7560, stack(0x000000f9bda00000,0x000000f9bdb00000) (1024K)]
  0x000002bdeced3f90 JavaThread "ForkJoinPool.commonPool-worker-9" daemon [_thread_blocked, id=21960, stack(0x000000f9bdb00000,0x000000f9bdc00000) (1024K)]
  0x000002bdeced1ec0 JavaThread "ForkJoinPool.commonPool-worker-10" daemon [_thread_blocked, id=24360, stack(0x000000f9bdc00000,0x000000f9bdd00000) (1024K)]
  0x000002bdeced3270 JavaThread "ForkJoinPool.commonPool-worker-11" daemon [_thread_blocked, id=20536, stack(0x000000f9bdd00000,0x000000f9bde00000) (1024K)]
  0x000002bdecf5c990 JavaThread "ForkJoinPool.commonPool-worker-12" daemon [_thread_blocked, id=25360, stack(0x000000f9bde00000,0x000000f9bdf00000) (1024K)]
  0x000002bdecf5d020 JavaThread "ForkJoinPool.commonPool-worker-13" daemon [_thread_blocked, id=20452, stack(0x000000f9bdf00000,0x000000f9be000000) (1024K)]
  0x000002bdecf5dd40 JavaThread "ForkJoinPool.commonPool-worker-14" daemon [_thread_blocked, id=17648, stack(0x000000f9be000000,0x000000f9be100000) (1024K)]
  0x000002bdecf5d6b0 JavaThread "ForkJoinPool.commonPool-worker-15" daemon [_thread_blocked, id=11740, stack(0x000000f9be100000,0x000000f9be200000) (1024K)]
  0x000002bdecf5a8c0 JavaThread "Worker-5: Building"                [_thread_in_Java, id=20840, stack(0x000000f9b7f00000,0x000000f9b8000000) (1024K)]
  0x000002bdecf5bc70 JavaThread "Cleaner-0"                  daemon [_thread_blocked, id=8676, stack(0x000000f9b5e00000,0x000000f9b5f00000) (1024K)]
  0x000002bde6c16cf0 JavaThread "C2 CompilerThread1"         daemon [_thread_in_native, id=15536, stack(0x000000f9b5d00000,0x000000f9b5e00000) (1024K)]
Total: 101

Other Threads:
  0x000002bdc5730bf0 VMThread "VM Thread"                           [id=20300, stack(0x000000f9b6300000,0x000000f9b6400000) (1024K)]
  0x000002bdc7aaca00 WatcherThread "VM Periodic Task Thread"        [id=12892, stack(0x000000f9b6200000,0x000000f9b6300000) (1024K)]
  0x000002bdc5732550 WorkerThread "GC Thread#0"                     [id=11656, stack(0x000000f9b6100000,0x000000f9b6200000) (1024K)]
  0x000002bdc5731a70 WorkerThread "GC Thread#1"                     [id=28868, stack(0x000000f9b7200000,0x000000f9b7300000) (1024K)]
  0x000002bdc5731e10 WorkerThread "GC Thread#2"                     [id=25308, stack(0x000000f9b7300000,0x000000f9b7400000) (1024K)]
  0x000002bde19288f0 WorkerThread "GC Thread#3"                     [id=24016, stack(0x000000f9b7400000,0x000000f9b7500000) (1024K)]
  0x000002bde192a990 WorkerThread "GC Thread#4"                     [id=15924, stack(0x000000f9b7500000,0x000000f9b7600000) (1024K)]
  0x000002bde1929b10 WorkerThread "GC Thread#5"                     [id=17496, stack(0x000000f9b7600000,0x000000f9b7700000) (1024K)]
  0x000002bde1929eb0 WorkerThread "GC Thread#6"                     [id=11004, stack(0x000000f9b7700000,0x000000f9b7800000) (1024K)]
  0x000002bde192c2f0 WorkerThread "GC Thread#7"                     [id=31796, stack(0x000000f9b7900000,0x000000f9b7a00000) (1024K)]
  0x000002bde192ad30 WorkerThread "GC Thread#8"                     [id=28416, stack(0x000000f9b7b00000,0x000000f9b7c00000) (1024K)]
  0x000002bde192b0d0 WorkerThread "GC Thread#9"                     [id=20608, stack(0x000000f9b7c00000,0x000000f9b7d00000) (1024K)]
  0x000002bde192bbb0 WorkerThread "GC Thread#10"                    [id=27504, stack(0x000000f9b7d00000,0x000000f9b7e00000) (1024K)]
  0x000002bde192b810 WorkerThread "GC Thread#11"                    [id=12696, stack(0x000000f9b8200000,0x000000f9b8300000) (1024K)]
  0x000002bde192a5f0 WorkerThread "GC Thread#12"                    [id=13876, stack(0x000000f9b8300000,0x000000f9b8400000) (1024K)]
Total: 15

Threads with active compile tasks:
C2 CompilerThread0  220792 18648       4       org.apache.maven.repository.internal.ArtifactDescriptorReaderDelegate::populateResult (426 bytes)
C2 CompilerThread1  220792 18650       4       java.lang.ThreadLocal::setInitialValue (64 bytes)
Total: 2

VM state: not at safepoint (normal execution)

VM Mutex/Monitor currently owned by a thread: None

Heap address: 0x0000000080000000, size: 2048 MB, Compressed Oops mode: 32-bit

CDS archive(s) mapped at: [0x000002bd80000000-0x000002bd80ba0000-0x000002bd80ba0000), size 12189696, SharedBaseAddress: 0x000002bd80000000, ArchiveRelocationMode: 1.
Compressed class space mapped at: 0x000002bd81000000-0x000002bdc1000000, reserved size: 1073741824
Narrow klass base: 0x000002bd80000000, Narrow klass shift: 0, Narrow klass range: 0x100000000

GC Precious Log:
 CardTable entry size: 512
 CPUs: 16 total, 16 available
 Memory: 16109M
 Large Page Support: Disabled
 NUMA Support: Disabled
 Compressed Oops: Enabled (32-bit)
 Alignments: Space 512K, Generation 512K, Heap 2M
 Heap Min Capacity: 100M
 Heap Initial Capacity: 100M
 Heap Max Capacity: 2G
 Pre-touch: Disabled
 Parallel Workers: 13

Heap:
 PSYoungGen      total 12800K, used 5273K [0x00000000d5580000, 0x00000000d6700000, 0x0000000100000000)
  eden space 11776K, 36% used [0x00000000d5580000,0x00000000d59ae760,0x00000000d6100000)
  from space 1024K, 96% used [0x00000000d6480000,0x00000000d6578010,0x00000000d6580000)
  to   space 3072K, 0% used [0x00000000d6100000,0x00000000d6100000,0x00000000d6400000)
 ParOldGen       total 446464K, used 294367K [0x0000000080000000, 0x000000009b400000, 0x00000000d5580000)
  object space 446464K, 65% used [0x0000000080000000,0x0000000091f77f28,0x000000009b400000)
 Metaspace       used 89685K, committed 91520K, reserved 1179648K
  class space    used 9752K, committed 10560K, reserved 1048576K

Card table byte_map: [0x000002bdc75c0000,0x000002bdc79d0000] _byte_map_base: 0x000002bdc71c0000

Marking Bits: (ParMarkBitMap*) 0x00007ffaaf222460
 Begin Bits: [0x000002bdda0d0000, 0x000002bddc0d0000)
 End Bits:   [0x000002bddc0d0000, 0x000002bdde0d0000)

Polling page: 0x000002bdc5a10000

Metaspace:

Usage:
  Non-class:     78.06 MB used.
      Class:      9.52 MB used.
       Both:     87.58 MB used.

Virtual space:
  Non-class space:      128.00 MB reserved,      79.06 MB ( 62%) committed,  2 nodes.
      Class space:        1.00 GB reserved,      10.31 MB (  1%) committed,  1 nodes.
             Both:        1.12 GB reserved,      89.38 MB (  8%) committed. 

Chunk freelists:
   Non-Class:  992.00 KB
       Class:  5.73 MB
        Both:  6.70 MB

MaxMetaspaceSize: unlimited
CompressedClassSpaceSize: 1.00 GB
Initial GC threshold: 21.00 MB
Current GC threshold: 134.50 MB
CDS: on
 - commit_granule_bytes: 65536.
 - commit_granule_words: 8192.
 - virtual_space_node_default_size: 8388608.
 - enlarge_chunks_in_place: 1.
 - use_allocation_guard: 0.


Internal statistics:

num_allocs_failed_limit: 9.
num_arena_births: 1460.
num_arena_deaths: 28.
num_vsnodes_births: 3.
num_vsnodes_deaths: 0.
num_space_committed: 1436.
num_space_uncommitted: 5.
num_chunks_returned_to_freelist: 87.
num_chunks_taken_from_freelist: 5568.
num_chunk_merges: 23.
num_chunk_splits: 3486.
num_chunks_enlarged: 2139.
num_inconsistent_stats: 0.

CodeHeap 'non-profiled nmethods': size=119168Kb used=16699Kb max_used=16699Kb free=102468Kb
 bounds [0x000002bdd29c0000, 0x000002bdd3a10000, 0x000002bdd9e20000]
CodeHeap 'profiled nmethods': size=119104Kb used=40963Kb max_used=40963Kb free=78140Kb
 bounds [0x000002bdcae20000, 0x000002bdcd630000, 0x000002bdd2270000]
CodeHeap 'non-nmethods': size=7488Kb used=1510Kb max_used=3206Kb free=5977Kb
 bounds [0x000002bdd2270000, 0x000002bdd25e0000, 0x000002bdd29c0000]
CodeCache: size=245760Kb, used=59172Kb, max_used=60868Kb, free=186585Kb
 total_blobs=17838, nmethods=17007, adapters=736, full_count=0
Compilation: enabled, stopped_count=0, restarted_count=0

Compilation events (20 events):
Event: 219.661 Thread 0x000002bddfbf4250 nmethod 18668 0x000002bdcd61c790 code [0x000002bdcd61c960, 0x000002bdcd61cd58]
Event: 219.661 Thread 0x000002bddfbf4250 18669       3       com.google.inject.internal.ProviderMethodsModule::isStaticModule (8 bytes)
Event: 219.661 Thread 0x000002bddfbf4250 nmethod 18669 0x000002bdcd61ce90 code [0x000002bdcd61d040, 0x000002bdcd61d248]
Event: 219.687 Thread 0x000002bddfbf4250 18670       3       sun.reflect.annotation.AnnotationParser::parseSig (62 bytes)
Event: 219.688 Thread 0x000002bddfbf4250 nmethod 18670 0x000002bdcd61d310 code [0x000002bdcd61d600, 0x000002bdcd61e640]
Event: 219.725 Thread 0x000002bddfbf4250 18674       3       com.google.common.collect.ImmutableSet::of (9 bytes)
Event: 219.726 Thread 0x000002bddfbf4250 nmethod 18674 0x000002bdcd61ec10 code [0x000002bdcd61ee00, 0x000002bdcd61f290]
Event: 219.726 Thread 0x000002bddfbf4250 18675       3       com.google.common.collect.SingletonImmutableSet::<init> (13 bytes)
Event: 219.726 Thread 0x000002bde6c16cf0 18672   !   4       com.google.common.cache.LocalCache$Segment::runLockedCleanup (39 bytes)
Event: 219.726 Thread 0x000002bddfbf4250 nmethod 18675 0x000002bdcd61f490 code [0x000002bdcd61f660, 0x000002bdcd61fa50]
Event: 219.734 Thread 0x000002bddfbf4250 18676       3       com.google.common.collect.Maps$2::transform (9 bytes)
Event: 219.735 Thread 0x000002bddfbf4250 nmethod 18676 0x000002bdcd61fc10 code [0x000002bdcd61fde0, 0x000002bdcd620130]
Event: 219.735 Thread 0x000002bddfbf4250 18677       3       com.google.common.collect.Maps$2::transform (7 bytes)
Event: 219.735 Thread 0x000002bddfbf4250 nmethod 18677 0x000002bdcd620290 code [0x000002bdcd620440, 0x000002bdcd620618]
Event: 219.735 Thread 0x000002bddfbf4250 18678       3       com.google.inject.internal.InjectorShell$InjectorFactory::get (8 bytes)
Event: 219.735 Thread 0x000002bddfbf4250 nmethod 18678 0x000002bdcd620710 code [0x000002bdcd6208c0, 0x000002bdcd620a40]
Event: 219.735 Thread 0x000002bddfbf4250 18679       3       com.google.inject.internal.InjectorShell$InjectorFactory::get (5 bytes)
Event: 219.735 Thread 0x000002bddfbf4250 nmethod 18679 0x000002bdcd620b10 code [0x000002bdcd620ca0, 0x000002bdcd620db0]
Event: 219.754 Thread 0x000002bde6c16cf0 nmethod 18672 0x000002bdd3a0ad10 code [0x000002bdd3a0afe0, 0x000002bdd3a0bbc0]
Event: 219.754 Thread 0x000002bde6c16cf0 18667       4       org.eclipse.sisu.space.FileEntryIterator::toFile (309 bytes)

GC Heap History (20 events):
Event: 180.936 GC heap before
{Heap before GC invocations=1115 (full 4):
 PSYoungGen      total 18944K, used 18825K [0x00000000d5580000, 0x00000000d6b80000, 0x0000000100000000)
  eden space 17920K, 100% used [0x00000000d5580000,0x00000000d6700000,0x00000000d6700000)
  from space 1024K, 88% used [0x00000000d6a80000,0x00000000d6b62400,0x00000000d6b80000)
  to   space 1024K, 0% used [0x00000000d6980000,0x00000000d6980000,0x00000000d6a80000)
 ParOldGen       total 446464K, used 248014K [0x0000000080000000, 0x000000009b400000, 0x00000000d5580000)
  object space 446464K, 55% used [0x0000000080000000,0x000000008f233ba0,0x000000009b400000)
 Metaspace       used 88967K, committed 90752K, reserved 1179648K
  class space    used 9666K, committed 10432K, reserved 1048576K
}
Event: 180.938 GC heap after
{Heap after GC invocations=1115 (full 4):
 PSYoungGen      total 18944K, used 1010K [0x00000000d5580000, 0x00000000d6b00000, 0x0000000100000000)
  eden space 17920K, 0% used [0x00000000d5580000,0x00000000d5580000,0x00000000d6700000)
  from space 1024K, 98% used [0x00000000d6980000,0x00000000d6a7c800,0x00000000d6a80000)
  to   space 512K, 0% used [0x00000000d6a80000,0x00000000d6a80000,0x00000000d6b00000)
 ParOldGen       total 446464K, used 248126K [0x0000000080000000, 0x000000009b400000, 0x00000000d5580000)
  object space 446464K, 55% used [0x0000000080000000,0x000000008f24fba0,0x000000009b400000)
 Metaspace       used 88967K, committed 90752K, reserved 1179648K
  class space    used 9666K, committed 10432K, reserved 1048576K
}
Event: 181.182 GC heap before
{Heap before GC invocations=1116 (full 4):
 PSYoungGen      total 18944K, used 18428K [0x00000000d5580000, 0x00000000d6b00000, 0x0000000100000000)
  eden space 17920K, 97% used [0x00000000d5580000,0x00000000d6682ab8,0x00000000d6700000)
  from space 1024K, 98% used [0x00000000d6980000,0x00000000d6a7c800,0x00000000d6a80000)
  to   space 512K, 0% used [0x00000000d6a80000,0x00000000d6a80000,0x00000000d6b00000)
 ParOldGen       total 446464K, used 248126K [0x0000000080000000, 0x000000009b400000, 0x00000000d5580000)
  object space 446464K, 55% used [0x0000000080000000,0x000000008f24fba0,0x000000009b400000)
 Metaspace       used 89070K, committed 90816K, reserved 1179648K
  class space    used 9674K, committed 10432K, reserved 1048576K
}
Event: 181.191 GC heap after
{Heap after GC invocations=1116 (full 4):
 PSYoungGen      total 12288K, used 500K [0x00000000d5580000, 0x00000000d7a00000, 0x0000000100000000)
  eden space 11776K, 0% used [0x00000000d5580000,0x00000000d5580000,0x00000000d6100000)
  from space 512K, 97% used [0x00000000d6a80000,0x00000000d6afd288,0x00000000d6b00000)
  to   space 9728K, 0% used [0x00000000d6100000,0x00000000d6100000,0x00000000d6a80000)
 ParOldGen       total 446464K, used 256056K [0x0000000080000000, 0x000000009b400000, 0x00000000d5580000)
  object space 446464K, 57% used [0x0000000080000000,0x000000008fa0e300,0x000000009b400000)
 Metaspace       used 89070K, committed 90816K, reserved 1179648K
  class space    used 9674K, committed 10432K, reserved 1048576K
}
Event: 181.283 GC heap before
{Heap before GC invocations=1117 (full 4):
 PSYoungGen      total 12288K, used 12276K [0x00000000d5580000, 0x00000000d7a00000, 0x0000000100000000)
  eden space 11776K, 100% used [0x00000000d5580000,0x00000000d6100000,0x00000000d6100000)
  from space 512K, 97% used [0x00000000d6a80000,0x00000000d6afd288,0x00000000d6b00000)
  to   space 9728K, 0% used [0x00000000d6100000,0x00000000d6100000,0x00000000d6a80000)
 ParOldGen       total 446464K, used 256056K [0x0000000080000000, 0x000000009b400000, 0x00000000d5580000)
  object space 446464K, 57% used [0x0000000080000000,0x000000008fa0e300,0x000000009b400000)
 Metaspace       used 89168K, committed 91008K, reserved 1179648K
  class space    used 9698K, committed 10496K, reserved 1048576K
}
Event: 181.285 GC heap after
{Heap after GC invocations=1117 (full 4):
 PSYoungGen      total 16896K, used 5094K [0x00000000d5580000, 0x00000000d6e00000, 0x0000000100000000)
  eden space 11776K, 0% used [0x00000000d5580000,0x00000000d5580000,0x00000000d6100000)
  from space 5120K, 99% used [0x00000000d6100000,0x00000000d65f9928,0x00000000d6600000)
  to   space 6656K, 0% used [0x00000000d6780000,0x00000000d6780000,0x00000000d6e00000)
 ParOldGen       total 446464K, used 256582K [0x0000000080000000, 0x000000009b400000, 0x00000000d5580000)
  object space 446464K, 57% used [0x0000000080000000,0x000000008fa91a38,0x000000009b400000)
 Metaspace       used 89168K, committed 91008K, reserved 1179648K
  class space    used 9698K, committed 10496K, reserved 1048576K
}
Event: 181.315 GC heap before
{Heap before GC invocations=1118 (full 4):
 PSYoungGen      total 16896K, used 16870K [0x00000000d5580000, 0x00000000d6e00000, 0x0000000100000000)
  eden space 11776K, 100% used [0x00000000d5580000,0x00000000d6100000,0x00000000d6100000)
  from space 5120K, 99% used [0x00000000d6100000,0x00000000d65f9928,0x00000000d6600000)
  to   space 6656K, 0% used [0x00000000d6780000,0x00000000d6780000,0x00000000d6e00000)
 ParOldGen       total 446464K, used 256582K [0x0000000080000000, 0x000000009b400000, 0x00000000d5580000)
  object space 446464K, 57% used [0x0000000080000000,0x000000008fa91a38,0x000000009b400000)
 Metaspace       used 89173K, committed 91008K, reserved 1179648K
  class space    used 9698K, committed 10496K, reserved 1048576K
}
Event: 181.319 GC heap after
{Heap after GC invocations=1118 (full 4):
 PSYoungGen      total 12800K, used 1010K [0x00000000d5580000, 0x00000000d6880000, 0x0000000100000000)
  eden space 11776K, 0% used [0x00000000d5580000,0x00000000d5580000,0x00000000d6100000)
  from space 1024K, 98% used [0x00000000d6780000,0x00000000d687c800,0x00000000d6880000)
  to   space 3072K, 0% used [0x00000000d6280000,0x00000000d6280000,0x00000000d6580000)
 ParOldGen       total 446464K, used 257566K [0x0000000080000000, 0x000000009b400000, 0x00000000d5580000)
  object space 446464K, 57% used [0x0000000080000000,0x000000008fb87a38,0x000000009b400000)
 Metaspace       used 89173K, committed 91008K, reserved 1179648K
  class space    used 9698K, committed 10496K, reserved 1048576K
}
Event: 215.408 GC heap before
{Heap before GC invocations=1119 (full 4):
 PSYoungGen      total 12800K, used 12353K [0x00000000d5580000, 0x00000000d6880000, 0x0000000100000000)
  eden space 11776K, 96% used [0x00000000d5580000,0x00000000d6093c98,0x00000000d6100000)
  from space 1024K, 98% used [0x00000000d6780000,0x00000000d687c800,0x00000000d6880000)
  to   space 3072K, 0% used [0x00000000d6280000,0x00000000d6280000,0x00000000d6580000)
 ParOldGen       total 446464K, used 288286K [0x0000000080000000, 0x000000009b400000, 0x00000000d5580000)
  object space 446464K, 64% used [0x0000000080000000,0x0000000091987a68,0x000000009b400000)
 Metaspace       used 89240K, committed 91072K, reserved 1179648K
  class space    used 9707K, committed 10496K, reserved 1048576K
}
Event: 215.414 GC heap after
{Heap after GC invocations=1119 (full 4):
 PSYoungGen      total 14848K, used 1270K [0x00000000d5580000, 0x00000000d6800000, 0x0000000100000000)
  eden space 11776K, 0% used [0x00000000d5580000,0x00000000d5580000,0x00000000d6100000)
  from space 3072K, 41% used [0x00000000d6280000,0x00000000d63bdb30,0x00000000d6580000)
  to   space 1536K, 0% used [0x00000000d6680000,0x00000000d6680000,0x00000000d6800000)
 ParOldGen       total 446464K, used 288845K [0x0000000080000000, 0x000000009b400000, 0x00000000d5580000)
  object space 446464K, 64% used [0x0000000080000000,0x0000000091a134d8,0x000000009b400000)
 Metaspace       used 89240K, committed 91072K, reserved 1179648K
  class space    used 9707K, committed 10496K, reserved 1048576K
}
Event: 219.470 GC heap before
{Heap before GC invocations=1120 (full 4):
 PSYoungGen      total 14848K, used 13046K [0x00000000d5580000, 0x00000000d6800000, 0x0000000100000000)
  eden space 11776K, 100% used [0x00000000d5580000,0x00000000d6100000,0x00000000d6100000)
  from space 3072K, 41% used [0x00000000d6280000,0x00000000d63bdb30,0x00000000d6580000)
  to   space 1536K, 0% used [0x00000000d6680000,0x00000000d6680000,0x00000000d6800000)
 ParOldGen       total 446464K, used 288845K [0x0000000080000000, 0x000000009b400000, 0x00000000d5580000)
  object space 446464K, 64% used [0x0000000080000000,0x0000000091a134d8,0x000000009b400000)
 Metaspace       used 89284K, committed 91072K, reserved 1179648K
  class space    used 9708K, committed 10496K, reserved 1048576K
}
Event: 219.475 GC heap after
{Heap after GC invocations=1120 (full 4):
 PSYoungGen      total 13312K, used 1533K [0x00000000d5580000, 0x00000000d6800000, 0x0000000100000000)
  eden space 11776K, 0% used [0x00000000d5580000,0x00000000d5580000,0x00000000d6100000)
  from space 1536K, 99% used [0x00000000d6680000,0x00000000d67ff520,0x00000000d6800000)
  to   space 2560K, 0% used [0x00000000d6300000,0x00000000d6300000,0x00000000d6580000)
 ParOldGen       total 446464K, used 289659K [0x0000000080000000, 0x000000009b400000, 0x00000000d5580000)
  object space 446464K, 64% used [0x0000000080000000,0x0000000091aded58,0x000000009b400000)
 Metaspace       used 89284K, committed 91072K, reserved 1179648K
  class space    used 9708K, committed 10496K, reserved 1048576K
}
Event: 219.494 GC heap before
{Heap before GC invocations=1121 (full 4):
 PSYoungGen      total 13312K, used 13309K [0x00000000d5580000, 0x00000000d6800000, 0x0000000100000000)
  eden space 11776K, 99% used [0x00000000d5580000,0x00000000d60fffc0,0x00000000d6100000)
  from space 1536K, 99% used [0x00000000d6680000,0x00000000d67ff520,0x00000000d6800000)
  to   space 2560K, 0% used [0x00000000d6300000,0x00000000d6300000,0x00000000d6580000)
 ParOldGen       total 446464K, used 289659K [0x0000000080000000, 0x000000009b400000, 0x00000000d5580000)
  object space 446464K, 64% used [0x0000000080000000,0x0000000091aded58,0x000000009b400000)
 Metaspace       used 89284K, committed 91072K, reserved 1179648K
  class space    used 9708K, committed 10496K, reserved 1048576K
}
Event: 219.497 GC heap after
{Heap after GC invocations=1121 (full 4):
 PSYoungGen      total 13824K, used 1744K [0x00000000d5580000, 0x00000000d6700000, 0x0000000100000000)
  eden space 11776K, 0% used [0x00000000d5580000,0x00000000d5580000,0x00000000d6100000)
  from space 2048K, 85% used [0x00000000d6300000,0x00000000d64b4010,0x00000000d6500000)
  to   space 2048K, 0% used [0x00000000d6500000,0x00000000d6500000,0x00000000d6700000)
 ParOldGen       total 446464K, used 291028K [0x0000000080000000, 0x000000009b400000, 0x00000000d5580000)
  object space 446464K, 65% used [0x0000000080000000,0x0000000091c352c8,0x000000009b400000)
 Metaspace       used 89284K, committed 91072K, reserved 1179648K
  class space    used 9708K, committed 10496K, reserved 1048576K
}
Event: 219.538 GC heap before
{Heap before GC invocations=1122 (full 4):
 PSYoungGen      total 13824K, used 13520K [0x00000000d5580000, 0x00000000d6700000, 0x0000000100000000)
  eden space 11776K, 100% used [0x00000000d5580000,0x00000000d6100000,0x00000000d6100000)
  from space 2048K, 85% used [0x00000000d6300000,0x00000000d64b4010,0x00000000d6500000)
  to   space 2048K, 0% used [0x00000000d6500000,0x00000000d6500000,0x00000000d6700000)
 ParOldGen       total 446464K, used 291028K [0x0000000080000000, 0x000000009b400000, 0x00000000d5580000)
  object space 446464K, 65% used [0x0000000080000000,0x0000000091c352c8,0x000000009b400000)
 Metaspace       used 89288K, committed 91072K, reserved 1179648K
  class space    used 9708K, committed 10496K, reserved 1048576K
}
Event: 219.540 GC heap after
{Heap after GC invocations=1122 (full 4):
 PSYoungGen      total 12800K, used 960K [0x00000000d5580000, 0x00000000d6600000, 0x0000000100000000)
  eden space 11776K, 0% used [0x00000000d5580000,0x00000000d5580000,0x00000000d6100000)
  from space 1024K, 93% used [0x00000000d6500000,0x00000000d65f0020,0x00000000d6600000)
  to   space 1536K, 0% used [0x00000000d6300000,0x00000000d6300000,0x00000000d6480000)
 ParOldGen       total 446464K, used 292092K [0x0000000080000000, 0x000000009b400000, 0x00000000d5580000)
  object space 446464K, 65% used [0x0000000080000000,0x0000000091d3f2c8,0x000000009b400000)
 Metaspace       used 89288K, committed 91072K, reserved 1179648K
  class space    used 9708K, committed 10496K, reserved 1048576K
}
Event: 219.728 GC heap before
{Heap before GC invocations=1123 (full 4):
 PSYoungGen      total 12800K, used 12736K [0x00000000d5580000, 0x00000000d6600000, 0x0000000100000000)
  eden space 11776K, 100% used [0x00000000d5580000,0x00000000d6100000,0x00000000d6100000)
  from space 1024K, 93% used [0x00000000d6500000,0x00000000d65f0020,0x00000000d6600000)
  to   space 1536K, 0% used [0x00000000d6300000,0x00000000d6300000,0x00000000d6480000)
 ParOldGen       total 446464K, used 292092K [0x0000000080000000, 0x000000009b400000, 0x00000000d5580000)
  object space 446464K, 65% used [0x0000000080000000,0x0000000091d3f2c8,0x000000009b400000)
 Metaspace       used 89679K, committed 91520K, reserved 1179648K
  class space    used 9751K, committed 10560K, reserved 1048576K
}
Event: 219.730 GC heap after
{Heap after GC invocations=1123 (full 4):
 PSYoungGen      total 13312K, used 1320K [0x00000000d5580000, 0x00000000d6580000, 0x0000000100000000)
  eden space 11776K, 0% used [0x00000000d5580000,0x00000000d5580000,0x00000000d6100000)
  from space 1536K, 85% used [0x00000000d6300000,0x00000000d644a028,0x00000000d6480000)
  to   space 1024K, 0% used [0x00000000d6480000,0x00000000d6480000,0x00000000d6580000)
 ParOldGen       total 446464K, used 292748K [0x0000000080000000, 0x000000009b400000, 0x00000000d5580000)
  object space 446464K, 65% used [0x0000000080000000,0x0000000091de32c8,0x000000009b400000)
 Metaspace       used 89679K, committed 91520K, reserved 1179648K
  class space    used 9751K, committed 10560K, reserved 1048576K
}
Event: 219.841 GC heap before
{Heap before GC invocations=1124 (full 4):
 PSYoungGen      total 13312K, used 13096K [0x00000000d5580000, 0x00000000d6580000, 0x0000000100000000)
  eden space 11776K, 100% used [0x00000000d5580000,0x00000000d6100000,0x00000000d6100000)
  from space 1536K, 85% used [0x00000000d6300000,0x00000000d644a028,0x00000000d6480000)
  to   space 1024K, 0% used [0x00000000d6480000,0x00000000d6480000,0x00000000d6580000)
 ParOldGen       total 446464K, used 292748K [0x0000000080000000, 0x000000009b400000, 0x00000000d5580000)
  object space 446464K, 65% used [0x0000000080000000,0x0000000091de32c8,0x000000009b400000)
 Metaspace       used 89685K, committed 91520K, reserved 1179648K
  class space    used 9752K, committed 10560K, reserved 1048576K
}
Event: 220.758 GC heap after
{Heap after GC invocations=1124 (full 4):
 PSYoungGen      total 12800K, used 992K [0x00000000d5580000, 0x00000000d6700000, 0x0000000100000000)
  eden space 11776K, 0% used [0x00000000d5580000,0x00000000d5580000,0x00000000d6100000)
  from space 1024K, 96% used [0x00000000d6480000,0x00000000d6578010,0x00000000d6580000)
  to   space 3072K, 0% used [0x00000000d6100000,0x00000000d6100000,0x00000000d6400000)
 ParOldGen       total 446464K, used 294367K [0x0000000080000000, 0x000000009b400000, 0x00000000d5580000)
  object space 446464K, 65% used [0x0000000080000000,0x0000000091f77f28,0x000000009b400000)
 Metaspace       used 89685K, committed 91520K, reserved 1179648K
  class space    used 9752K, committed 10560K, reserved 1048576K
}

Dll operation events (12 events):
Event: 0.008 Loaded shared library c:\Users\thanh\.vscode\extensions\redhat.java-1.50.0-win32-x64\jre\21.0.9-win32-x86_64\bin\java.dll
Event: 0.074 Loaded shared library c:\Users\thanh\.vscode\extensions\redhat.java-1.50.0-win32-x64\jre\21.0.9-win32-x86_64\bin\zip.dll
Event: 0.096 Loaded shared library C:\Users\thanh\.vscode\extensions\redhat.java-1.50.0-win32-x64\jre\21.0.9-win32-x86_64\bin\instrument.dll
Event: 0.101 Loaded shared library C:\Users\thanh\.vscode\extensions\redhat.java-1.50.0-win32-x64\jre\21.0.9-win32-x86_64\bin\net.dll
Event: 0.104 Loaded shared library C:\Users\thanh\.vscode\extensions\redhat.java-1.50.0-win32-x64\jre\21.0.9-win32-x86_64\bin\nio.dll
Event: 0.108 Loaded shared library C:\Users\thanh\.vscode\extensions\redhat.java-1.50.0-win32-x64\jre\21.0.9-win32-x86_64\bin\zip.dll
Event: 0.124 Loaded shared library C:\Users\thanh\.vscode\extensions\redhat.java-1.50.0-win32-x64\jre\21.0.9-win32-x86_64\bin\jimage.dll
Event: 0.241 Loaded shared library c:\Users\thanh\.vscode\extensions\redhat.java-1.50.0-win32-x64\jre\21.0.9-win32-x86_64\bin\verify.dll
Event: 8.028 Loaded shared library C:\Users\thanh\AppData\Roaming\Code\User\globalStorage\redhat.java\1.50.0\config_win\org.eclipse.equinox.launcher\org.eclipse.equinox.launcher.win32.win32.x86_64_1.2.1400.v20250801-0854\eclipse_11916.dll
Event: 20.854 Loaded shared library C:\Users\thanh\AppData\Local\Temp\jna-110323431\jna17357967548395768249.dll
Event: 50.204 Loaded shared library C:\Users\thanh\.vscode\extensions\redhat.java-1.50.0-win32-x64\jre\21.0.9-win32-x86_64\bin\extnet.dll
Event: 50.385 Loaded shared library C:\Users\thanh\.vscode\extensions\redhat.java-1.50.0-win32-x64\jre\21.0.9-win32-x86_64\bin\sunmscapi.dll

Deoptimization events (20 events):
Event: 214.967 Thread 0x000002bde88605b0 Uncommon trap: trap_request=0xffffffc6 fr.pc=0x000002bdd2b50d88 relative=0x00000000000001e8
Event: 214.967 Thread 0x000002bde88605b0 Uncommon trap: reason=bimorphic_or_optimized_type_check action=maybe_recompile pc=0x000002bdd2b50d88 method=java.util.Collections.eq(Ljava/lang/Object;Ljava/lang/Object;)Z @ 18 c2
Event: 214.967 Thread 0x000002bde88605b0 DEOPT PACKING pc=0x000002bdd2b50d88 sp=0x000000f9b9ffe630
Event: 214.967 Thread 0x000002bde88605b0 DEOPT UNPACKING pc=0x000002bdd22c3aa2 sp=0x000000f9b9ffe570 mode 2
Event: 215.102 Thread 0x000002bdecf5a8c0 DEOPT PACKING pc=0x000002bdcd29957e sp=0x000000f9b7ffdfb0
Event: 215.102 Thread 0x000002bdecf5a8c0 DEOPT UNPACKING pc=0x000002bdd22c4242 sp=0x000000f9b7ffd448 mode 0
Event: 215.218 Thread 0x000002bdecf5a8c0 Uncommon trap: trap_request=0xffffff54 fr.pc=0x000002bdd350b320 relative=0x0000000000000420
Event: 215.218 Thread 0x000002bdecf5a8c0 Uncommon trap: reason=speculate_null_assert action=make_not_entrant pc=0x000002bdd350b320 method=com.google.common.cache.LocalCache$Segment.drainRecencyQueue()V @ 14 c2
Event: 215.218 Thread 0x000002bdecf5a8c0 DEOPT PACKING pc=0x000002bdd350b320 sp=0x000000f9b7ffdba0
Event: 215.218 Thread 0x000002bdecf5a8c0 DEOPT UNPACKING pc=0x000002bdd22c3aa2 sp=0x000000f9b7ffda70 mode 2
Event: 219.467 Thread 0x000002bde130dc40 Uncommon trap: trap_request=0xffffffbe fr.pc=0x000002bdd367f9bc relative=0x00000000000073bc
Event: 219.467 Thread 0x000002bde130dc40 Uncommon trap: reason=profile_predicate action=maybe_recompile pc=0x000002bdd367f9bc method=org.apache.maven.repository.internal.ArtifactDescriptorReaderDelegate.populateResult(Lorg/eclipse/aether/RepositorySystemSession;Lorg/eclipse/aether/resolution/Art
Event: 219.467 Thread 0x000002bde130dc40 DEOPT PACKING pc=0x000002bdd367f9bc sp=0x000000f9b80fe700
Event: 219.467 Thread 0x000002bde130dc40 DEOPT UNPACKING pc=0x000002bdd22c3aa2 sp=0x000000f9b80fe6f8 mode 2
Event: 219.507 Thread 0x000002bdeced0b10 Uncommon trap: trap_request=0xffffffbe fr.pc=0x000002bdd3483a4c relative=0x0000000000004dac
Event: 219.507 Thread 0x000002bdeced0b10 Uncommon trap: reason=profile_predicate action=maybe_recompile pc=0x000002bdd3483a4c method=org.apache.maven.repository.internal.ArtifactDescriptorReaderDelegate.populateResult(Lorg/eclipse/aether/RepositorySystemSession;Lorg/eclipse/aether/resolution/Art
Event: 219.507 Thread 0x000002bdeced0b10 DEOPT PACKING pc=0x000002bdd3483a4c sp=0x000000f9b70fe830
Event: 219.507 Thread 0x000002bdeced0b10 DEOPT UNPACKING pc=0x000002bdd22c3aa2 sp=0x000000f9b70fe830 mode 2
Event: 219.585 Thread 0x000002bdecf5a8c0 DEOPT PACKING pc=0x000002bdcc83a5fa sp=0x000000f9b7ffcab0
Event: 219.585 Thread 0x000002bdecf5a8c0 DEOPT UNPACKING pc=0x000002bdd22c4242 sp=0x000000f9b7ffbfc0 mode 0

Classes loaded (20 events):
Event: 93.851 Loading class org/xml/sax/SAXNotRecognizedException
Event: 93.852 Loading class org/xml/sax/SAXNotRecognizedException done
Event: 93.852 Loading class org/xml/sax/SAXNotSupportedException
Event: 93.852 Loading class org/xml/sax/SAXNotSupportedException done
Event: 93.853 Loading class com/sun/org/apache/xerces/internal/util/URI
Event: 93.854 Loading class com/sun/org/apache/xerces/internal/util/URI done
Event: 93.856 Loading class com/sun/org/apache/xerces/internal/xni/XNIException
Event: 93.856 Loading class com/sun/org/apache/xerces/internal/xni/XNIException done
Event: 93.860 Loading class com/sun/org/apache/xerces/internal/xni/parser/XMLParseException
Event: 93.860 Loading class com/sun/org/apache/xerces/internal/xni/parser/XMLParseException done
Event: 96.574 Loading class jdk/internal/event/SecurityPropertyModificationEvent
Event: 96.575 Loading class jdk/internal/event/SecurityPropertyModificationEvent done
Event: 96.612 Loading class java/lang/UnsupportedClassVersionError
Event: 96.612 Loading class java/lang/UnsupportedClassVersionError done
Event: 97.631 Loading class javax/xml/transform/TransformerConfigurationException
Event: 97.632 Loading class javax/xml/transform/TransformerConfigurationException done
Event: 97.644 Loading class java/util/LinkedList$LLSpliterator
Event: 97.644 Loading class java/util/LinkedList$LLSpliterator done
Event: 97.759 Loading class jdk/internal/ref/CleanerImpl$InnocuousThreadFactory
Event: 97.759 Loading class jdk/internal/ref/CleanerImpl$InnocuousThreadFactory done

Classes unloaded (20 events):
Event: 92.852 Thread 0x000002bdc5730bf0 Unloading class 0x000002bd8183b060 'org/codehaus/plexus/compiler/util/scan/InclusionScanException'
Event: 92.852 Thread 0x000002bdc5730bf0 Unloading class 0x000002bd8183adf0 'org/apache/maven/plugin/compiler/CompilationFailureException'
Event: 92.852 Thread 0x000002bdc5730bf0 Unloading class 0x000002bd8183ab90 'org/codehaus/plexus/compiler/CompilerException'
Event: 92.852 Thread 0x000002bdc5730bf0 Unloading class 0x000002bd8183a928 'org/codehaus/plexus/compiler/manager/NoSuchCompilerException'
Event: 92.852 Thread 0x000002bdc5730bf0 Unloading class 0x000002bd8183a728 'org/codehaus/plexus/compiler/util/scan/mapping/SourceMapping'
Event: 92.852 Thread 0x000002bdc5730bf0 Unloading class 0x000002bd8183a4f0 'org/codehaus/plexus/compiler/javac/JavaxToolsCompiler'
Event: 92.852 Thread 0x000002bdc5730bf0 Unloading class 0x000002bd8183a2f0 'org/codehaus/plexus/compiler/javac/InProcessCompiler'
Event: 92.852 Thread 0x000002bdc5730bf0 Unloading class 0x000002bd8183a000 'org/codehaus/plexus/compiler/javac/JavacCompiler'
Event: 92.852 Thread 0x000002bdc5730bf0 Unloading class 0x000002bd81839bb0 'org/codehaus/plexus/compiler/AbstractCompiler'
Event: 92.852 Thread 0x000002bdc5730bf0 Unloading class 0x000002bd818399b0 'org/codehaus/plexus/compiler/Compiler'
Event: 92.852 Thread 0x000002bdc5730bf0 Unloading class 0x000002bd81839780 'org/codehaus/plexus/compiler/manager/DefaultCompilerManager'
Event: 92.852 Thread 0x000002bdc5730bf0 Unloading class 0x000002bd81839580 'org/codehaus/plexus/compiler/manager/CompilerManager'
Event: 92.853 Thread 0x000002bdc5730bf0 Unloading class 0x000002bd81839340 'org/codehaus/plexus/languages/java/jpms/LocationManager'
Event: 92.853 Thread 0x000002bdc5730bf0 Unloading class 0x000002bd81839000 'org/apache/maven/plugin/compiler/TestCompilerMojo'
Event: 92.853 Thread 0x000002bdc5730bf0 Unloading class 0x000002bd81838400 'org/apache/maven/plugins/maven_compiler_plugin/HelpMojo'
Event: 92.853 Thread 0x000002bdc5730bf0 Unloading class 0x000002bd81838b40 'org/apache/maven/plugin/compiler/CompilerMojo'
Event: 92.853 Thread 0x000002bdc5730bf0 Unloading class 0x000002bd81838800 'org/apache/maven/plugin/compiler/AbstractCompilerMojo'
Event: 92.853 Thread 0x000002bdc5730bf0 Unloading class 0x000002bd816c4c00 'java/lang/invoke/LambdaForm$DMH+0x000002bd816c4c00'
Event: 92.853 Thread 0x000002bdc5730bf0 Unloading class 0x000002bd816c4800 'java/lang/invoke/LambdaForm$DMH+0x000002bd816c4800'
Event: 92.853 Thread 0x000002bdc5730bf0 Unloading class 0x000002bd816c4400 'java/lang/invoke/LambdaForm$DMH+0x000002bd816c4400'

Classes redefined (0 events):
No events

Internal exceptions (20 events):
Event: 180.822 Thread 0x000002bdeced3900 Exception <a 'java/lang/NullPointerException'{0x00000000d6061dd0}> (0x00000000d6061dd0) 
thrown [s\src\hotspot\share\interpreter\linkResolver.cpp, line 1372]
Event: 180.922 Thread 0x000002bdeced3900 Exception <a 'java/lang/NullPointerException'{0x00000000d5fdc390}> (0x00000000d5fdc390) 
thrown [s\src\hotspot\share\interpreter\linkResolver.cpp, line 1372]
Event: 181.259 Thread 0x000002bdeced3900 Exception <a 'java/lang/NullPointerException'{0x00000000d5b8a598}> (0x00000000d5b8a598) 
thrown [s\src\hotspot\share\interpreter\linkResolver.cpp, line 1372]
Event: 215.096 Thread 0x000002bdecf5a8c0 Exception <a 'sun/nio/fs/WindowsException'{0x00000000d58016d8}> (0x00000000d58016d8) 
thrown [s\src\hotspot\share\prims\jni.cpp, line 520]
Event: 215.097 Thread 0x000002bdecf5a8c0 Exception <a 'sun/nio/fs/WindowsException'{0x00000000d58021d8}> (0x00000000d58021d8) 
thrown [s\src\hotspot\share\prims\jni.cpp, line 520]
Event: 215.119 Thread 0x000002bdecf5a8c0 Exception <a 'sun/nio/fs/WindowsException'{0x00000000d58e9620}> (0x00000000d58e9620) 
thrown [s\src\hotspot\share\prims\jni.cpp, line 520]
Event: 215.119 Thread 0x000002bdecf5a8c0 Exception <a 'sun/nio/fs/WindowsException'{0x00000000d58e9e70}> (0x00000000d58e9e70) 
thrown [s\src\hotspot\share\prims\jni.cpp, line 520]
Event: 215.132 Thread 0x000002bdecf5a8c0 Exception <a 'sun/nio/fs/WindowsException'{0x00000000d5979270}> (0x00000000d5979270) 
thrown [s\src\hotspot\share\prims\jni.cpp, line 520]
Event: 215.132 Thread 0x000002bdecf5a8c0 Exception <a 'sun/nio/fs/WindowsException'{0x00000000d5979d70}> (0x00000000d5979d70) 
thrown [s\src\hotspot\share\prims\jni.cpp, line 520]
Event: 215.136 Thread 0x000002bdecf5a8c0 Exception <a 'sun/nio/fs/WindowsException'{0x00000000d5a48140}> (0x00000000d5a48140) 
thrown [s\src\hotspot\share\prims\jni.cpp, line 520]
Event: 215.136 Thread 0x000002bdecf5a8c0 Exception <a 'sun/nio/fs/WindowsException'{0x00000000d5a48c40}> (0x00000000d5a48c40) 
thrown [s\src\hotspot\share\prims\jni.cpp, line 520]
Event: 215.213 Thread 0x000002bdecf5a8c0 Exception <a 'java/lang/NoSuchMethodError'{0x00000000d5cd2000}: 'int java.lang.invoke.DirectMethodHandle$Holder.invokeStatic(java.lang.Object, java.lang.Object, java.lang.Object, java.lang.Object, java.lang.Object, java.lang.Object)'> (0x00000000d5cd2000) 
thrown [s\src\hotspot\share\interpreter\linkResolver.cpp, line 773]
Event: 219.334 Thread 0x000002bdecf5a8c0 Exception <a 'sun/nio/fs/WindowsException'{0x00000000d57be388}> (0x00000000d57be388) 
thrown [s\src\hotspot\share\prims\jni.cpp, line 520]
Event: 219.335 Thread 0x000002bdecf5a8c0 Exception <a 'sun/nio/fs/WindowsException'{0x00000000d57bee88}> (0x00000000d57bee88) 
thrown [s\src\hotspot\share\prims\jni.cpp, line 520]
Event: 219.340 Thread 0x000002bdecf5a8c0 Exception <a 'sun/nio/fs/WindowsException'{0x00000000d589d528}> (0x00000000d589d528) 
thrown [s\src\hotspot\share\prims\jni.cpp, line 520]
Event: 219.340 Thread 0x000002bdecf5a8c0 Exception <a 'sun/nio/fs/WindowsException'{0x00000000d589dd78}> (0x00000000d589dd78) 
thrown [s\src\hotspot\share\prims\jni.cpp, line 520]
Event: 219.348 Thread 0x000002bdecf5a8c0 Exception <a 'sun/nio/fs/WindowsException'{0x00000000d592c058}> (0x00000000d592c058) 
thrown [s\src\hotspot\share\prims\jni.cpp, line 520]
Event: 219.348 Thread 0x000002bdecf5a8c0 Exception <a 'sun/nio/fs/WindowsException'{0x00000000d592cb58}> (0x00000000d592cb58) 
thrown [s\src\hotspot\share\prims\jni.cpp, line 520]
Event: 219.351 Thread 0x000002bdecf5a8c0 Exception <a 'sun/nio/fs/WindowsException'{0x00000000d59fb920}> (0x00000000d59fb920) 
thrown [s\src\hotspot\share\prims\jni.cpp, line 520]
Event: 219.351 Thread 0x000002bdecf5a8c0 Exception <a 'sun/nio/fs/WindowsException'{0x00000000d59fc420}> (0x00000000d59fc420) 
thrown [s\src\hotspot\share\prims\jni.cpp, line 520]

ZGC Phase Switch (0 events):
No events

VM Operations (20 events):
Event: 182.319 Executing VM operation: Cleanup
Event: 182.319 Executing VM operation: Cleanup done
Event: 215.335 Executing VM operation: Cleanup
Event: 215.344 Executing VM operation: Cleanup done
Event: 215.408 Executing VM operation: ParallelGCFailedAllocation (Allocation Failure)
Event: 215.414 Executing VM operation: ParallelGCFailedAllocation (Allocation Failure) done
Event: 216.414 Executing VM operation: Cleanup
Event: 216.415 Executing VM operation: Cleanup done
Event: 219.416 Executing VM operation: Cleanup
Event: 219.416 Executing VM operation: Cleanup done
Event: 219.470 Executing VM operation: ParallelGCFailedAllocation (Allocation Failure)
Event: 219.475 Executing VM operation: ParallelGCFailedAllocation (Allocation Failure) done
Event: 219.494 Executing VM operation: ParallelGCFailedAllocation (Allocation Failure)
Event: 219.497 Executing VM operation: ParallelGCFailedAllocation (Allocation Failure) done
Event: 219.538 Executing VM operation: ParallelGCFailedAllocation (Allocation Failure)
Event: 219.540 Executing VM operation: ParallelGCFailedAllocation (Allocation Failure) done
Event: 219.728 Executing VM operation: ParallelGCFailedAllocation (Allocation Failure)
Event: 219.730 Executing VM operation: ParallelGCFailedAllocation (Allocation Failure) done
Event: 219.841 Executing VM operation: ParallelGCFailedAllocation (Allocation Failure)
Event: 220.758 Executing VM operation: ParallelGCFailedAllocation (Allocation Failure) done

Memory protections (0 events):
No events

Nmethod flushes (20 events):
Event: 92.918 Thread 0x000002bdc5730bf0 flushing  nmethod 0x000002bdcc176310
Event: 92.918 Thread 0x000002bdc5730bf0 flushing  nmethod 0x000002bdcc184010
Event: 92.918 Thread 0x000002bdc5730bf0 flushing  nmethod 0x000002bdcc186c90
Event: 92.918 Thread 0x000002bdc5730bf0 flushing osr nmethod 0x000002bdcc189090
Event: 92.918 Thread 0x000002bdc5730bf0 flushing  nmethod 0x000002bdcc18ac90
Event: 92.918 Thread 0x000002bdc5730bf0 flushing  nmethod 0x000002bdcc194a90
Event: 92.918 Thread 0x000002bdc5730bf0 flushing  nmethod 0x000002bdcc1b7810
Event: 92.918 Thread 0x000002bdc5730bf0 flushing  nmethod 0x000002bdcc1fac90
Event: 92.918 Thread 0x000002bdc5730bf0 flushing  nmethod 0x000002bdcc1fb590
Event: 92.918 Thread 0x000002bdc5730bf0 flushing  nmethod 0x000002bdcc1fcf10
Event: 92.918 Thread 0x000002bdc5730bf0 flushing  nmethod 0x000002bdcc1fdb10
Event: 92.918 Thread 0x000002bdc5730bf0 flushing  nmethod 0x000002bdcc206310
Event: 92.918 Thread 0x000002bdc5730bf0 flushing  nmethod 0x000002bdcc213390
Event: 92.918 Thread 0x000002bdc5730bf0 flushing  nmethod 0x000002bdcc233290
Event: 92.918 Thread 0x000002bdc5730bf0 flushing  nmethod 0x000002bdcc235e10
Event: 92.918 Thread 0x000002bdc5730bf0 flushing  nmethod 0x000002bdcc291e10
Event: 92.918 Thread 0x000002bdc5730bf0 flushing  nmethod 0x000002bdcc295110
Event: 92.918 Thread 0x000002bdc5730bf0 flushing  nmethod 0x000002bdcc295d90
Event: 92.918 Thread 0x000002bdc5730bf0 flushing  nmethod 0x000002bdcc29ff90
Event: 92.918 Thread 0x000002bdc5730bf0 flushing  nmethod 0x000002bdccd86b10

Events (20 events):
Event: 118.894 Thread 0x000002bde6c18160 Thread exited: 0x000002bde6c18160
Event: 127.209 Thread 0x000002bde6c17a90 Thread exited: 0x000002bde6c17a90
Event: 152.357 Thread 0x000002bde885ff20 Thread exited: 0x000002bde885ff20
Event: 153.368 Thread 0x000002bdec4a5960 Thread exited: 0x000002bdec4a5960
Event: 153.837 Thread 0x000002bde1314540 Thread exited: 0x000002bde1314540
Event: 153.888 Thread 0x000002bde130d5b0 Thread exited: 0x000002bde130d5b0
Event: 154.529 Thread 0x000002bde8860c40 Thread exited: 0x000002bde8860c40
Event: 155.313 Thread 0x000002bde130dc40 Thread exited: 0x000002bde130dc40
Event: 212.361 Thread 0x000002bde8dce850 Thread exited: 0x000002bde8dce850
Event: 219.456 Thread 0x000002bdecf5a8c0 Thread added: 0x000002bdececd000
Event: 219.456 Thread 0x000002bdecf5a8c0 Thread added: 0x000002bdececd690
Event: 219.457 Thread 0x000002bdecf5a8c0 Thread added: 0x000002bdeced0b10
Event: 219.457 Thread 0x000002bdecf5a8c0 Thread added: 0x000002bde130dc40
Event: 219.457 Thread 0x000002bdecf5a8c0 Thread added: 0x000002bde130d5b0
Event: 219.518 Thread 0x000002bde130dc40 Thread exited: 0x000002bde130dc40
Event: 219.518 Thread 0x000002bde130d5b0 Thread exited: 0x000002bde130d5b0
Event: 219.518 Thread 0x000002bdececd690 Thread exited: 0x000002bdececd690
Event: 219.518 Thread 0x000002bdececd000 Thread exited: 0x000002bdececd000
Event: 219.518 Thread 0x000002bdeced0b10 Thread exited: 0x000002bdeced0b10
Event: 219.726 Thread 0x000002bddfbf4250 Thread added: 0x000002bde6c16cf0


Dynamic libraries:
0x00007ff6fab70000 - 0x00007ff6fab7e000 	c:\Users\thanh\.vscode\extensions\redhat.java-1.50.0-win32-x64\jre\21.0.9-win32-x86_64\bin\java.exe
0x00007ffba29c0000 - 0x00007ffba2c28000 	C:\WINDOWS\SYSTEM32\ntdll.dll
0x00007ffba1900000 - 0x00007ffba19c9000 	C:\WINDOWS\System32\KERNEL32.DLL
0x00007ffba01f0000 - 0x00007ffba05e8000 	C:\WINDOWS\System32\KERNELBASE.dll
0x00007ffba0010000 - 0x00007ffba015b000 	C:\WINDOWS\System32\ucrtbase.dll
0x00007ffb89050000 - 0x00007ffb89068000 	c:\Users\thanh\.vscode\extensions\redhat.java-1.50.0-win32-x64\jre\21.0.9-win32-x86_64\bin\jli.dll
0x00007ffb89070000 - 0x00007ffb8908e000 	c:\Users\thanh\.vscode\extensions\redhat.java-1.50.0-win32-x64\jre\21.0.9-win32-x86_64\bin\VCRUNTIME140.dll
0x00007ffba1670000 - 0x00007ffba1837000 	C:\WINDOWS\System32\USER32.dll
0x00007ffb9ff30000 - 0x00007ffb9ff57000 	C:\WINDOWS\System32\win32u.dll
0x00007ffb84780000 - 0x00007ffb84a14000 	C:\WINDOWS\WinSxS\amd64_microsoft.windows.common-controls_6595b64144ccf1df_6.0.26100.7019_none_3e06ffa0e335b8a8\COMCTL32.dll
0x00007ffba10b0000 - 0x00007ffba10db000 	C:\WINDOWS\System32\GDI32.dll
0x00007ffba0760000 - 0x00007ffba0809000 	C:\WINDOWS\System32\msvcrt.dll
0x00007ffb9fc80000 - 0x00007ffb9fdac000 	C:\WINDOWS\System32\gdi32full.dll
0x00007ffb9fb10000 - 0x00007ffb9fbb3000 	C:\WINDOWS\System32\msvcp_win.dll
0x00007ffba0810000 - 0x00007ffba0841000 	C:\WINDOWS\System32\IMM32.DLL
0x00007ffb89550000 - 0x00007ffb8955c000 	c:\Users\thanh\.vscode\extensions\redhat.java-1.50.0-win32-x64\jre\21.0.9-win32-x86_64\bin\vcruntime140_1.dll
0x00007ffb6f6e0000 - 0x00007ffb6f76d000 	c:\Users\thanh\.vscode\extensions\redhat.java-1.50.0-win32-x64\jre\21.0.9-win32-x86_64\bin\msvcp140.dll
0x00007ffaae560000 - 0x00007ffaaf300000 	c:\Users\thanh\.vscode\extensions\redhat.java-1.50.0-win32-x64\jre\21.0.9-win32-x86_64\bin\server\jvm.dll
0x00007ffba1540000 - 0x00007ffba15f4000 	C:\WINDOWS\System32\ADVAPI32.dll
0x00007ffba1c00000 - 0x00007ffba1ca6000 	C:\WINDOWS\System32\sechost.dll
0x00007ffba2140000 - 0x00007ffba2258000 	C:\WINDOWS\System32\RPCRT4.dll
0x00007ffba1b80000 - 0x00007ffba1bf4000 	C:\WINDOWS\System32\WS2_32.dll
0x00007ffb94db0000 - 0x00007ffb94dbb000 	C:\WINDOWS\SYSTEM32\VERSION.dll
0x00007ffb93950000 - 0x00007ffb93985000 	C:\WINDOWS\SYSTEM32\WINMM.dll
0x00007ffb9f300000 - 0x00007ffb9f35e000 	C:\WINDOWS\SYSTEM32\POWRPROF.dll
0x00007ffb9f2e0000 - 0x00007ffb9f2f4000 	C:\WINDOWS\SYSTEM32\UMPDC.dll
0x00007ffb9e830000 - 0x00007ffb9e84b000 	C:\WINDOWS\SYSTEM32\kernel.appcore.dll
0x00007ffb89040000 - 0x00007ffb8904a000 	c:\Users\thanh\.vscode\extensions\redhat.java-1.50.0-win32-x64\jre\21.0.9-win32-x86_64\bin\jimage.dll
0x00007ffb9d240000 - 0x00007ffb9d482000 	C:\WINDOWS\SYSTEM32\DBGHELP.DLL
0x00007ffba2360000 - 0x00007ffba26eb000 	C:\WINDOWS\System32\combase.dll
0x00007ffba1430000 - 0x00007ffba1507000 	C:\WINDOWS\System32\OLEAUT32.dll
0x00007ffb83d00000 - 0x00007ffb83d3c000 	C:\WINDOWS\SYSTEM32\dbgcore.DLL
0x00007ffb9ff60000 - 0x00007ffba0005000 	C:\WINDOWS\System32\bcryptPrimitives.dll
0x00007ffb89030000 - 0x00007ffb8903f000 	c:\Users\thanh\.vscode\extensions\redhat.java-1.50.0-win32-x64\jre\21.0.9-win32-x86_64\bin\instrument.dll
0x00007ffb87e30000 - 0x00007ffb87e50000 	c:\Users\thanh\.vscode\extensions\redhat.java-1.50.0-win32-x64\jre\21.0.9-win32-x86_64\bin\java.dll
0x00007ffba0850000 - 0x00007ffba0f9f000 	C:\WINDOWS\System32\SHELL32.dll
0x00007ffba05f0000 - 0x00007ffba075b000 	C:\WINDOWS\System32\wintypes.dll
0x00007ffb9d750000 - 0x00007ffb9dfad000 	C:\WINDOWS\SYSTEM32\windows.storage.dll
0x00007ffba0fb0000 - 0x00007ffba10a2000 	C:\WINDOWS\System32\SHCORE.dll
0x00007ffba1a70000 - 0x00007ffba1ad7000 	C:\WINDOWS\System32\shlwapi.dll
0x00007ffb9fa30000 - 0x00007ffb9fa59000 	C:\WINDOWS\SYSTEM32\profapi.dll
0x00007ffb84c10000 - 0x00007ffb84c28000 	c:\Users\thanh\.vscode\extensions\redhat.java-1.50.0-win32-x64\jre\21.0.9-win32-x86_64\bin\zip.dll
0x00007ffb89020000 - 0x00007ffb89030000 	C:\Users\thanh\.vscode\extensions\redhat.java-1.50.0-win32-x64\jre\21.0.9-win32-x86_64\bin\net.dll
0x00007ffb966e0000 - 0x00007ffb96808000 	C:\WINDOWS\SYSTEM32\WINHTTP.dll
0x00007ffb9ee40000 - 0x00007ffb9eeab000 	C:\WINDOWS\system32\mswsock.dll
0x00007ffb774f0000 - 0x00007ffb77506000 	C:\Users\thanh\.vscode\extensions\redhat.java-1.50.0-win32-x64\jre\21.0.9-win32-x86_64\bin\nio.dll
0x00007ffb7a800000 - 0x00007ffb7a810000 	c:\Users\thanh\.vscode\extensions\redhat.java-1.50.0-win32-x64\jre\21.0.9-win32-x86_64\bin\verify.dll
0x00007ffb58970000 - 0x00007ffb589b4000 	C:\Users\thanh\AppData\Roaming\Code\User\globalStorage\redhat.java\1.50.0\config_win\org.eclipse.equinox.launcher\org.eclipse.equinox.launcher.win32.win32.x86_64_1.2.1400.v20250801-0854\eclipse_11916.dll
0x00007ffba2790000 - 0x00007ffba2927000 	C:\WINDOWS\System32\ole32.dll
0x00007ffb9f100000 - 0x00007ffb9f11b000 	C:\WINDOWS\SYSTEM32\CRYPTSP.dll
0x00007ffb9e850000 - 0x00007ffb9e88a000 	C:\WINDOWS\system32\rsaenh.dll
0x00007ffb9eef0000 - 0x00007ffb9ef1b000 	C:\WINDOWS\SYSTEM32\USERENV.dll
0x00007ffb9fa00000 - 0x00007ffb9fa2a000 	C:\WINDOWS\SYSTEM32\bcrypt.dll
0x00007ffb9f120000 - 0x00007ffb9f12c000 	C:\WINDOWS\SYSTEM32\CRYPTBASE.dll
0x00007ffb9e430000 - 0x00007ffb9e464000 	C:\WINDOWS\SYSTEM32\IPHLPAPI.DLL
0x00007ffba19d0000 - 0x00007ffba19da000 	C:\WINDOWS\System32\NSI.dll
0x00007ffb27100000 - 0x00007ffb27149000 	C:\Users\thanh\AppData\Local\Temp\jna-110323431\jna17357967548395768249.dll
0x00007ffba1600000 - 0x00007ffba1608000 	C:\WINDOWS\System32\PSAPI.DLL
0x00007ffb96a60000 - 0x00007ffb96a7e000 	C:\WINDOWS\SYSTEM32\dhcpcsvc6.DLL
0x00007ffb96a30000 - 0x00007ffb96a53000 	C:\WINDOWS\SYSTEM32\dhcpcsvc.DLL
0x00007ffb9e470000 - 0x00007ffb9e59c000 	C:\WINDOWS\SYSTEM32\DNSAPI.dll
0x00007ffb94dd0000 - 0x00007ffb94ddb000 	C:\Windows\System32\rasadhlp.dll
0x00007ffb96c50000 - 0x00007ffb96cd6000 	C:\WINDOWS\System32\fwpuclnt.dll
0x00007ffb89560000 - 0x00007ffb89569000 	C:\Users\thanh\.vscode\extensions\redhat.java-1.50.0-win32-x64\jre\21.0.9-win32-x86_64\bin\extnet.dll
0x00007ffb77510000 - 0x00007ffb7751e000 	C:\Users\thanh\.vscode\extensions\redhat.java-1.50.0-win32-x64\jre\21.0.9-win32-x86_64\bin\sunmscapi.dll
0x00007ffb9fdb0000 - 0x00007ffb9ff27000 	C:\WINDOWS\System32\CRYPT32.dll
0x00007ffb9f440000 - 0x00007ffb9f470000 	C:\WINDOWS\SYSTEM32\ncrypt.dll
0x00007ffb9f3f0000 - 0x00007ffb9f42f000 	C:\WINDOWS\SYSTEM32\NTASN1.dll
0x00007ffb9e9f0000 - 0x00007ffb9ea26000 	C:\WINDOWS\SYSTEM32\ntmarta.dll

JVMTI agents:
c:\Users\thanh\.vscode\extensions\redhat.java-1.50.0-win32-x64\lombok\lombok-1.18.39-4050.jar path:c:\Users\thanh\.vscode\extensions\redhat.java-1.50.0-win32-x64\jre\21.0.9-win32-x86_64\bin\instrument.dll, loaded, initialized, instrumentlib options:none

dbghelp: loaded successfully - version: 4.0.5 - missing functions: none
symbol engine: initialized successfully - sym options: 0x614 - pdb path: .;c:\Users\thanh\.vscode\extensions\redhat.java-1.50.0-win32-x64\jre\21.0.9-win32-x86_64\bin;C:\WINDOWS\SYSTEM32;C:\WINDOWS\WinSxS\amd64_microsoft.windows.common-controls_6595b64144ccf1df_6.0.26100.7019_none_3e06ffa0e335b8a8;c:\Users\thanh\.vscode\extensions\redhat.java-1.50.0-win32-x64\jre\21.0.9-win32-x86_64\bin\server;C:\Users\thanh\AppData\Roaming\Code\User\globalStorage\redhat.java\1.50.0\config_win\org.eclipse.equinox.launcher\org.eclipse.equinox.launcher.win32.win32.x86_64_1.2.1400.v20250801-0854;C:\Users\thanh\AppData\Local\Temp\jna-110323431

VM Arguments:
jvm_args: --add-modules=ALL-SYSTEM --add-opens=java.base/java.util=ALL-UNNAMED --add-opens=java.base/java.lang=ALL-UNNAMED --add-opens=java.base/sun.nio.fs=ALL-UNNAMED -Declipse.application=org.eclipse.jdt.ls.core.id1 -Dosgi.bundles.defaultStartLevel=4 -Declipse.product=org.eclipse.jdt.ls.core.product -Djava.import.generatesMetadataFilesAtProjectRoot=false -DDetectVMInstallationsJob.disabled=true -Dfile.encoding=utf8 -XX:+UseParallelGC -XX:GCTimeRatio=4 -XX:AdaptiveSizePolicyWeight=90 -Dsun.zip.disableMemoryMapping=true -Xmx2G -Xms100m -Xlog:disable -javaagent:c:\Users\thanh\.vscode\extensions\redhat.java-1.50.0-win32-x64\lombok\lombok-1.18.39-4050.jar -XX:+HeapDumpOnOutOfMemoryError -XX:HeapDumpPath=c:\Users\thanh\AppData\Roaming\Code\User\workspaceStorage\7ff264653c564808337672de5514ea25\redhat.java -Daether.dependencyCollector.impl=bf 
java_command: c:\Users\thanh\.vscode\extensions\redhat.java-1.50.0-win32-x64\server\plugins\org.eclipse.equinox.launcher_1.7.100.v20251111-0406.jar -configuration c:\Users\thanh\AppData\Roaming\Code\User\globalStorage\redhat.java\1.50.0\config_win -data c:\Users\thanh\AppData\Roaming\Code\User\workspaceStorage\7ff264653c564808337672de5514ea25\redhat.java\jdt_ws --pipe=\\.\pipe\lsp-50673d4147bfab909a71591755086fcf-sock
java_class_path (initial): c:\Users\thanh\.vscode\extensions\redhat.java-1.50.0-win32-x64\server\plugins\org.eclipse.equinox.launcher_1.7.100.v20251111-0406.jar
Launcher Type: SUN_STANDARD

[Global flags]
    uintx AdaptiveSizePolicyWeight                 = 90                                        {product} {command line}
     intx CICompilerCount                          = 12                                        {product} {ergonomic}
    uintx GCTimeRatio                              = 4                                         {product} {command line}
     bool HeapDumpOnOutOfMemoryError               = true                                   {manageable} {command line}
    ccstr HeapDumpPath                             = c:\Users\thanh\AppData\Roaming\Code\User\workspaceStorage\7ff264653c564808337672de5514ea25\redhat.java         {manageable} {command line}
   size_t InitialHeapSize                          = 104857600                                 {product} {command line}
   size_t MaxHeapSize                              = 2147483648                                {product} {command line}
   size_t MaxNewSize                               = 715653120                                 {product} {ergonomic}
   size_t MinHeapDeltaBytes                        = 524288                                    {product} {ergonomic}
   size_t MinHeapSize                              = 104857600                                 {product} {command line}
   size_t NewSize                                  = 34603008                                  {product} {ergonomic}
    uintx NonNMethodCodeHeapSize                   = 7602480                                {pd product} {ergonomic}
    uintx NonProfiledCodeHeapSize                  = 122027880                              {pd product} {ergonomic}
   size_t OldSize                                  = 70254592                                  {product} {ergonomic}
    uintx ProfiledCodeHeapSize                     = 122027880                              {pd product} {ergonomic}
    uintx ReservedCodeCacheSize                    = 251658240                              {pd product} {ergonomic}
     bool SegmentedCodeCache                       = true                                      {product} {ergonomic}
   size_t SoftMaxHeapSize                          = 2147483648                             {manageable} {ergonomic}
     bool UseCompressedOops                        = true                           {product lp64_product} {ergonomic}
     bool UseLargePagesIndividualAllocation        = false                                  {pd product} {ergonomic}
     bool UseParallelGC                            = true                                      {product} {command line}

Logging:
Log output configuration:
 #0: stdout all=off uptime,level,tags foldmultilines=false
 #1: stderr all=off uptime,level,tags foldmultilines=false

Release file:
JAVA_VERSION="21.0.9" 
MODULES="java.base java.compiler java.datatransfer java.xml java.prefs java.desktop java.instrument java.logging java.management java.security.sasl java.naming java.rmi java.management.rmi java.net.http java.scripting java.security.jgss java.transaction.xa java.sql java.sql.rowset java.xml.crypto java.se java.smartcardio jdk.accessibility jdk.internal.jvmstat jdk.attach jdk.charsets jdk.internal.opt jdk.zipfs jdk.compiler jdk.crypto.ec jdk.crypto.cryptoki jdk.crypto.mscapi jdk.dynalink jdk.internal.ed jdk.editpad jdk.hotspot.agent jdk.httpserver jdk.internal.le jdk.internal.vm.ci jdk.internal.vm.compiler jdk.internal.vm.compiler.management jdk.jartool jdk.javadoc jdk.jcmd jdk.management jdk.management.agent jdk.jconsole jdk.jdeps jdk.jdwp.agent jdk.jdi jdk.jfr jdk.jshell jdk.jsobject jdk.jstatd jdk.localedata jdk.management.jfr jdk.naming.dns jdk.naming.rmi jdk.net jdk.nio.mapmode jdk.random jdk.sctp jdk.security.auth jdk.security.jgss jdk.unsupported jdk.unsupported.desktop jdk.xml.dom" 

Environment Variables:
JAVA_HOME=C:\Program Files\Java\jdk-24
PATH=C:\Python313\Scripts\;C:\Python313\;C:\Program Files\Common Files\Oracle\Java\javapath;C:\Windows\system32;C:\Windows;C:\Windows\System32\Wbem;C:\Windows\System32\WindowsPowerShell\v1.0\;C:\Windows\System32\OpenSSH\;C:\Program Files (x86)\NVIDIA Corporation\PhysX\Common;C:\Program Files\NVIDIA Corporation\NVIDIA NvDLISR;C:\WINDOWS\system32;C:\WINDOWS;C:\WINDOWS\System32\Wbem;C:\WINDOWS\System32\WindowsPowerShell\v1.0\;C:\WINDOWS\System32\OpenSSH\;C:\Program Files\Java\jdk-24\bin;C:\MinGW\bin;C:\Program Files (x86)\Microsoft SQL Server\160\Tools\Binn\;C:\Program Files\Microsoft SQL Server\160\Tools\Binn\;C:\Program Files\Microsoft SQL Server\Client SDK\ODBC\170\Tools\Binn\;C:\Program Files\Microsoft SQL Server\160\DTS\Binn\;C:\ProgramData\chocolatey\bin;C:\Program Files (x86)\Microsoft SQL Server\160\DTS\Binn\;C:\Program Files\MySQL\MySQL Server 8.0\bin;C:\maven\apache-maven-3.9.11\bin;C:\Program Files\Git\cmd;C:\Program Files\Cloudflare\Cloudflare WARP\;C:\Users\thanh\AppData\Local\Microsoft\WindowsApps;D:\vsCodeeee\Microsoft VS Code\bin;C:\msys64\ucrt64\bin;C:\Users\thanh\AppData\Local\GitHubDesktop\bin;C:\Users\thanh\AppData\Local\Microsoft\WinGet\Packages\Schniz.fnm_Microsoft.Winget.Source_8wekyb3d8bbwe;C:\Users\thanh\Downloads\Python-3.10.15\Python-3.10.15;
USERNAME=thanh
OS=Windows_NT
PROCESSOR_IDENTIFIER=Intel64 Family 6 Model 154 Stepping 3, GenuineIntel
TMP=C:\Users\thanh\AppData\Local\Temp
TEMP=C:\Users\thanh\AppData\Local\Temp




Periodic native trim disabled

---------------  S Y S T E M  ---------------

OS:
 Windows 11 , 64 bit Build 26100 (10.0.26100.7019)
OS uptime: 0 days 18:11 hours

CPU: total 16 (initial active 16) (16 cores per cpu, 1 threads per core) family 6 model 154 stepping 3 microcode 0x435, cx8, cmov, fxsr, mmx, 3dnowpref, sse, sse2, sse3, ssse3, sse4.1, sse4.2, popcnt, lzcnt, tsc, tscinvbit, avx, avx2, aes, erms, clmul, bmi1, bmi2, adx, sha, fma, vzeroupper, clflush, clflushopt, clwb, serialize, rdtscp, rdpid, fsrm, f16c, pku, cet_ibt, cet_ss
Processor Information for processor 0
  Max Mhz: 2500, Current Mhz: 2500, Mhz Limit: 2500
Processor Information for processor 1
  Max Mhz: 2500, Current Mhz: 2500, Mhz Limit: 2500
Processor Information for processor 2
  Max Mhz: 2500, Current Mhz: 2500, Mhz Limit: 2500
Processor Information for processor 3
  Max Mhz: 2500, Current Mhz: 2500, Mhz Limit: 2500
Processor Information for processor 4
  Max Mhz: 2500, Current Mhz: 2500, Mhz Limit: 2500
Processor Information for processor 5
  Max Mhz: 2500, Current Mhz: 2500, Mhz Limit: 2500
Processor Information for processor 6
  Max Mhz: 2500, Current Mhz: 2500, Mhz Limit: 2500
Processor Information for processor 7
  Max Mhz: 2500, Current Mhz: 2500, Mhz Limit: 2500
Processor Information for processor 8
  Max Mhz: 2500, Current Mhz: 1800, Mhz Limit: 1800
Processor Information for processor 9
  Max Mhz: 2500, Current Mhz: 1800, Mhz Limit: 1800
Processor Information for processor 10
  Max Mhz: 2500, Current Mhz: 1800, Mhz Limit: 1800
Processor Information for processor 11
  Max Mhz: 2500, Current Mhz: 1800, Mhz Limit: 1800
Processor Information for processor 12
  Max Mhz: 2500, Current Mhz: 1500, Mhz Limit: 1800
Processor Information for processor 13
  Max Mhz: 2500, Current Mhz: 1800, Mhz Limit: 1800
Processor Information for processor 14
  Max Mhz: 2500, Current Mhz: 1500, Mhz Limit: 1800
Processor Information for processor 15
  Max Mhz: 2500, Current Mhz: 1800, Mhz Limit: 1800

Memory: 4k page, system-wide physical 16109M (674M free)
TotalPageFile size 26109M (AvailPageFile size 16M)
current process WorkingSet (physical memory assigned to process): 226M, peak: 723M
current process commit charge ("private bytes"): 834M, peak: 885M

vm_info: OpenJDK 64-Bit Server VM (21.0.9+10-LTS) for windows-amd64 JRE (21.0.9+10-LTS), built on 2025-10-21T00:00:00Z by "admin" with unknown MS VC++:1942

END.
